<?xml version="1.0" encoding="UTF-8"?>
<coverage generated="1527579289312" clover="3.2.0">
  <project timestamp="1527579289312" name="All files">
    <metrics statements="127" coveredstatements="121" conditionals="183" coveredconditionals="120" methods="86" coveredmethods="72" elements="396" coveredelements="313" complexity="0" loc="127" ncloc="127" packages="17" files="38" classes="38">
      <package name="booking">
        <metrics statements="1" coveredstatements="1" conditionals="4" coveredconditionals="3" methods="1" coveredmethods="1"/>
        <file name="enzyme.config.js" path="C:\Users\Igor_Tsialiuk\Desktop\React\booking\enzyme.config.js">
          <metrics statements="1" coveredstatements="1" conditionals="4" coveredconditionals="3" methods="1" coveredmethods="1"/>
          <line num="2" count="34" type="cond" truecount="3" falsecount="1"/>
        </file>
      </package>
      <package name="booking.src.client.actions">
        <metrics statements="24" coveredstatements="18" conditionals="4" coveredconditionals="3" methods="16" coveredmethods="9"/>
        <file name="commonActions.js" path="C:\Users\Igor_Tsialiuk\Desktop\React\booking\src\client\actions\commonActions.js">
          <metrics statements="2" coveredstatements="2" conditionals="0" coveredconditionals="0" methods="1" coveredmethods="1"/>
          <line num="1" count="6" type="stmt"/>
          <line num="4" count="5" type="stmt"/>
        </file>
        <file name="hotelsActions.js" path="C:\Users\Igor_Tsialiuk\Desktop\React\booking\src\client\actions\hotelsActions.js">
          <metrics statements="20" coveredstatements="14" conditionals="4" coveredconditionals="3" methods="15" coveredmethods="8"/>
          <line num="1" count="5" type="stmt"/>
          <line num="3" count="5" type="cond" truecount="3" falsecount="1"/>
          <line num="7" count="1" type="stmt"/>
          <line num="8" count="1" type="stmt"/>
          <line num="10" count="1" type="stmt"/>
          <line num="11" count="1" type="stmt"/>
          <line num="12" count="1" type="stmt"/>
          <line num="16" count="0" type="stmt"/>
          <line num="19" count="0" type="stmt"/>
          <line num="22" count="0" type="stmt"/>
          <line num="23" count="0" type="stmt"/>
          <line num="30" count="1" type="stmt"/>
          <line num="35" count="1" type="stmt"/>
          <line num="36" count="1" type="stmt"/>
          <line num="38" count="1" type="stmt"/>
          <line num="39" count="1" type="stmt"/>
          <line num="43" count="0" type="stmt"/>
          <line num="44" count="0" type="stmt"/>
          <line num="51" count="1" type="stmt"/>
          <line num="56" count="3" type="stmt"/>
        </file>
        <file name="index.js" path="C:\Users\Igor_Tsialiuk\Desktop\React\booking\src\client\actions\index.js">
          <metrics statements="2" coveredstatements="2" conditionals="0" coveredconditionals="0" methods="0" coveredmethods="0"/>
          <line num="1" count="4" type="stmt"/>
          <line num="2" count="4" type="stmt"/>
        </file>
      </package>
      <package name="booking.src.client.components">
        <metrics statements="3" coveredstatements="3" conditionals="4" coveredconditionals="3" methods="1" coveredmethods="1"/>
        <file name="index.js" path="C:\Users\Igor_Tsialiuk\Desktop\React\booking\src\client\components\index.js">
          <metrics statements="3" coveredstatements="3" conditionals="4" coveredconditionals="3" methods="1" coveredmethods="1"/>
          <line num="1" count="4" type="stmt"/>
          <line num="4" count="16" type="cond" truecount="3" falsecount="1"/>
          <line num="6" count="4" type="stmt"/>
        </file>
      </package>
      <package name="booking.src.client.components.BusyIndicator">
        <metrics statements="5" coveredstatements="5" conditionals="6" coveredconditionals="5" methods="2" coveredmethods="2"/>
        <file name="BusyIndicator.js" path="C:\Users\Igor_Tsialiuk\Desktop\React\booking\src\client\components\BusyIndicator\BusyIndicator.js">
          <metrics statements="4" coveredstatements="4" conditionals="2" coveredconditionals="2" methods="1" coveredmethods="1"/>
          <line num="1" count="5" type="stmt"/>
          <line num="7" count="2" type="cond" truecount="2" falsecount="0"/>
          <line num="9" count="2" type="stmt"/>
          <line num="14" count="5" type="stmt"/>
        </file>
        <file name="index.js" path="C:\Users\Igor_Tsialiuk\Desktop\React\booking\src\client\components\BusyIndicator\index.js">
          <metrics statements="1" coveredstatements="1" conditionals="4" coveredconditionals="3" methods="1" coveredmethods="1"/>
          <line num="1" count="4" type="cond" truecount="3" falsecount="1"/>
        </file>
        <file name="styles.css" path="C:\Users\Igor_Tsialiuk\Desktop\React\booking\src\client\components\BusyIndicator\styles.css">
          <metrics statements="0" coveredstatements="0" conditionals="0" coveredconditionals="0" methods="0" coveredmethods="0"/>
        </file>
      </package>
      <package name="booking.src.client.components.Field">
        <metrics statements="5" coveredstatements="5" conditionals="8" coveredconditionals="6" methods="3" coveredmethods="3"/>
        <file name="Field.js" path="C:\Users\Igor_Tsialiuk\Desktop\React\booking\src\client\components\Field\Field.js">
          <metrics statements="4" coveredstatements="4" conditionals="4" coveredconditionals="3" methods="2" coveredmethods="2"/>
          <line num="1" count="5" type="stmt"/>
          <line num="2" count="10" type="cond" truecount="3" falsecount="1"/>
          <line num="5" count="1" type="stmt"/>
          <line num="10" count="5" type="stmt"/>
        </file>
        <file name="index.js" path="C:\Users\Igor_Tsialiuk\Desktop\React\booking\src\client\components\Field\index.js">
          <metrics statements="1" coveredstatements="1" conditionals="4" coveredconditionals="3" methods="1" coveredmethods="1"/>
          <line num="1" count="4" type="cond" truecount="3" falsecount="1"/>
        </file>
      </package>
      <package name="booking.src.client.components.Footer">
        <metrics statements="3" coveredstatements="3" conditionals="4" coveredconditionals="3" methods="2" coveredmethods="2"/>
        <file name="Footer.js" path="C:\Users\Igor_Tsialiuk\Desktop\React\booking\src\client\components\Footer\Footer.js">
          <metrics statements="2" coveredstatements="2" conditionals="0" coveredconditionals="0" methods="1" coveredmethods="1"/>
          <line num="1" count="5" type="stmt"/>
          <line num="6" count="1" type="stmt"/>
        </file>
        <file name="index.js" path="C:\Users\Igor_Tsialiuk\Desktop\React\booking\src\client\components\Footer\index.js">
          <metrics statements="1" coveredstatements="1" conditionals="4" coveredconditionals="3" methods="1" coveredmethods="1"/>
          <line num="1" count="4" type="cond" truecount="3" falsecount="1"/>
        </file>
        <file name="styles.css" path="C:\Users\Igor_Tsialiuk\Desktop\React\booking\src\client\components\Footer\styles.css">
          <metrics statements="0" coveredstatements="0" conditionals="0" coveredconditionals="0" methods="0" coveredmethods="0"/>
        </file>
      </package>
      <package name="booking.src.client.components.Header">
        <metrics statements="3" coveredstatements="3" conditionals="4" coveredconditionals="3" methods="2" coveredmethods="2"/>
        <file name="Header.js" path="C:\Users\Igor_Tsialiuk\Desktop\React\booking\src\client\components\Header\Header.js">
          <metrics statements="2" coveredstatements="2" conditionals="0" coveredconditionals="0" methods="1" coveredmethods="1"/>
          <line num="1" count="5" type="stmt"/>
          <line num="7" count="1" type="stmt"/>
        </file>
        <file name="index.js" path="C:\Users\Igor_Tsialiuk\Desktop\React\booking\src\client\components\Header\index.js">
          <metrics statements="1" coveredstatements="1" conditionals="4" coveredconditionals="3" methods="1" coveredmethods="1"/>
          <line num="1" count="4" type="cond" truecount="3" falsecount="1"/>
        </file>
        <file name="styles.css" path="C:\Users\Igor_Tsialiuk\Desktop\React\booking\src\client\components\Header\styles.css">
          <metrics statements="0" coveredstatements="0" conditionals="0" coveredconditionals="0" methods="0" coveredmethods="0"/>
        </file>
      </package>
      <package name="booking.src.client.constants">
        <metrics statements="7" coveredstatements="7" conditionals="0" coveredconditionals="0" methods="0" coveredmethods="0"/>
        <file name="commonConstants.js" path="C:\Users\Igor_Tsialiuk\Desktop\React\booking\src\client\constants\commonConstants.js">
          <metrics statements="1" coveredstatements="1" conditionals="0" coveredconditionals="0" methods="0" coveredmethods="0"/>
          <line num="1" count="7" type="stmt"/>
        </file>
        <file name="hotelsConstants.js" path="C:\Users\Igor_Tsialiuk\Desktop\React\booking\src\client\constants\hotelsConstants.js">
          <metrics statements="4" coveredstatements="4" conditionals="0" coveredconditionals="0" methods="0" coveredmethods="0"/>
          <line num="1" count="7" type="stmt"/>
          <line num="2" count="7" type="stmt"/>
          <line num="3" count="7" type="stmt"/>
          <line num="4" count="7" type="stmt"/>
        </file>
        <file name="index.js" path="C:\Users\Igor_Tsialiuk\Desktop\React\booking\src\client\constants\index.js">
          <metrics statements="2" coveredstatements="2" conditionals="0" coveredconditionals="0" methods="0" coveredmethods="0"/>
          <line num="1" count="7" type="stmt"/>
          <line num="2" count="7" type="stmt"/>
        </file>
      </package>
      <package name="booking.src.client.navigations.RootNavigation">
        <metrics statements="5" coveredstatements="5" conditionals="29" coveredconditionals="16" methods="9" coveredmethods="9"/>
        <file name="RootNavigation.js" path="C:\Users\Igor_Tsialiuk\Desktop\React\booking\src\client\navigations\RootNavigation\RootNavigation.js">
          <metrics statements="5" coveredstatements="5" conditionals="29" coveredconditionals="16" methods="9" coveredmethods="9"/>
          <line num="1" count="1" type="cond" truecount="5" falsecount="3"/>
          <line num="4" count="1" type="cond" truecount="10" falsecount="9"/>
          <line num="6" count="1" type="cond" truecount="1" falsecount="1"/>
          <line num="8" count="1" type="stmt"/>
          <line num="18" count="1" type="stmt"/>
        </file>
      </package>
      <package name="booking.src.client.pages">
        <metrics statements="3" coveredstatements="3" conditionals="4" coveredconditionals="3" methods="1" coveredmethods="1"/>
        <file name="index.js" path="C:\Users\Igor_Tsialiuk\Desktop\React\booking\src\client\pages\index.js">
          <metrics statements="3" coveredstatements="3" conditionals="4" coveredconditionals="3" methods="1" coveredmethods="1"/>
          <line num="1" count="1" type="stmt"/>
          <line num="4" count="4" type="cond" truecount="3" falsecount="1"/>
          <line num="6" count="1" type="stmt"/>
        </file>
      </package>
      <package name="booking.src.client.pages.AboutPage">
        <metrics statements="3" coveredstatements="3" conditionals="4" coveredconditionals="3" methods="2" coveredmethods="2"/>
        <file name="AboutPage.js" path="C:\Users\Igor_Tsialiuk\Desktop\React\booking\src\client\pages\AboutPage\AboutPage.js">
          <metrics statements="2" coveredstatements="2" conditionals="0" coveredconditionals="0" methods="1" coveredmethods="1"/>
          <line num="1" count="2" type="stmt"/>
          <line num="6" count="1" type="stmt"/>
        </file>
        <file name="index.js" path="C:\Users\Igor_Tsialiuk\Desktop\React\booking\src\client\pages\AboutPage\index.js">
          <metrics statements="1" coveredstatements="1" conditionals="4" coveredconditionals="3" methods="1" coveredmethods="1"/>
          <line num="1" count="1" type="cond" truecount="3" falsecount="1"/>
        </file>
        <file name="styles.css" path="C:\Users\Igor_Tsialiuk\Desktop\React\booking\src\client\pages\AboutPage\styles.css">
          <metrics statements="0" coveredstatements="0" conditionals="0" coveredconditionals="0" methods="0" coveredmethods="0"/>
        </file>
      </package>
      <package name="booking.src.client.pages.HomePage">
        <metrics statements="6" coveredstatements="6" conditionals="4" coveredconditionals="3" methods="4" coveredmethods="2"/>
        <file name="HomePage.js" path="C:\Users\Igor_Tsialiuk\Desktop\React\booking\src\client\pages\HomePage\HomePage.js">
          <metrics statements="5" coveredstatements="5" conditionals="0" coveredconditionals="0" methods="3" coveredmethods="1"/>
          <line num="1" count="2" type="stmt"/>
          <line num="14" count="1" type="stmt"/>
          <line num="29" count="2" type="stmt"/>
          <line num="39" count="2" type="stmt"/>
          <line num="48" count="2" type="stmt"/>
        </file>
        <file name="index.js" path="C:\Users\Igor_Tsialiuk\Desktop\React\booking\src\client\pages\HomePage\index.js">
          <metrics statements="1" coveredstatements="1" conditionals="4" coveredconditionals="3" methods="1" coveredmethods="1"/>
          <line num="1" count="1" type="cond" truecount="3" falsecount="1"/>
        </file>
        <file name="styles.css" path="C:\Users\Igor_Tsialiuk\Desktop\React\booking\src\client\pages\HomePage\styles.css">
          <metrics statements="0" coveredstatements="0" conditionals="0" coveredconditionals="0" methods="0" coveredmethods="0"/>
        </file>
      </package>
      <package name="booking.src.client.pages.HomePage.components">
        <metrics statements="19" coveredstatements="19" conditionals="45" coveredconditionals="29" methods="19" coveredmethods="18"/>
        <file name="FilterPanel.js" path="C:\Users\Igor_Tsialiuk\Desktop\React\booking\src\client\pages\HomePage\components\FilterPanel.js">
          <metrics statements="12" coveredstatements="12" conditionals="37" coveredconditionals="24" methods="14" coveredmethods="14"/>
          <line num="1" count="6" type="cond" truecount="5" falsecount="3"/>
          <line num="5" count="9" type="cond" truecount="17" falsecount="8"/>
          <line num="7" count="3" type="cond" truecount="1" falsecount="1"/>
          <line num="22" count="1" type="stmt"/>
          <line num="26" count="1" type="stmt"/>
          <line num="30" count="1" type="stmt"/>
          <line num="32" count="1" type="cond" truecount="1" falsecount="1"/>
          <line num="33" count="1" type="stmt"/>
          <line num="36" count="3" type="stmt"/>
          <line num="40" count="4" type="stmt"/>
          <line num="76" count="3" type="stmt"/>
          <line num="79" count="3" type="stmt"/>
        </file>
        <file name="HotelItem.js" path="C:\Users\Igor_Tsialiuk\Desktop\React\booking\src\client\pages\HomePage\components\HotelItem.js">
          <metrics statements="3" coveredstatements="3" conditionals="0" coveredconditionals="0" methods="1" coveredmethods="1"/>
          <line num="1" count="4" type="stmt"/>
          <line num="8" count="1" type="stmt"/>
          <line num="18" count="4" type="stmt"/>
        </file>
        <file name="ListHotels.js" path="C:\Users\Igor_Tsialiuk\Desktop\React\booking\src\client\pages\HomePage\components\ListHotels.js">
          <metrics statements="4" coveredstatements="4" conditionals="8" coveredconditionals="5" methods="4" coveredmethods="3"/>
          <line num="1" count="3" type="cond" truecount="1" falsecount="3"/>
          <line num="5" count="9" type="cond" truecount="4" falsecount="0"/>
          <line num="10" count="1" type="stmt"/>
          <line num="23" count="3" type="stmt"/>
        </file>
      </package>
      <package name="booking.src.client.pages.HotelPage">
        <metrics statements="10" coveredstatements="10" conditionals="33" coveredconditionals="19" methods="13" coveredmethods="11"/>
        <file name="HotelPage.js" path="C:\Users\Igor_Tsialiuk\Desktop\React\booking\src\client\pages\HotelPage\HotelPage.js">
          <metrics statements="9" coveredstatements="9" conditionals="29" coveredconditionals="16" methods="12" coveredmethods="10"/>
          <line num="1" count="4" type="cond" truecount="5" falsecount="3"/>
          <line num="6" count="2" type="cond" truecount="10" falsecount="9"/>
          <line num="8" count="2" type="cond" truecount="1" falsecount="1"/>
          <line num="12" count="1" type="stmt"/>
          <line num="17" count="1" type="stmt"/>
          <line num="23" count="2" type="stmt"/>
          <line num="26" count="2" type="stmt"/>
          <line num="33" count="2" type="stmt"/>
          <line num="38" count="2" type="stmt"/>
        </file>
        <file name="index.js" path="C:\Users\Igor_Tsialiuk\Desktop\React\booking\src\client\pages\HotelPage\index.js">
          <metrics statements="1" coveredstatements="1" conditionals="4" coveredconditionals="3" methods="1" coveredmethods="1"/>
          <line num="1" count="1" type="cond" truecount="3" falsecount="1"/>
        </file>
      </package>
      <package name="booking.src.client.pages.NotFoundPage">
        <metrics statements="3" coveredstatements="3" conditionals="8" coveredconditionals="6" methods="3" coveredmethods="3"/>
        <file name="NotFoundPage.js" path="C:\Users\Igor_Tsialiuk\Desktop\React\booking\src\client\pages\NotFoundPage\NotFoundPage.js">
          <metrics statements="2" coveredstatements="2" conditionals="4" coveredconditionals="3" methods="2" coveredmethods="2"/>
          <line num="1" count="2" type="cond" truecount="3" falsecount="1"/>
          <line num="4" count="1" type="stmt"/>
        </file>
        <file name="index.js" path="C:\Users\Igor_Tsialiuk\Desktop\React\booking\src\client\pages\NotFoundPage\index.js">
          <metrics statements="1" coveredstatements="1" conditionals="4" coveredconditionals="3" methods="1" coveredmethods="1"/>
          <line num="1" count="1" type="cond" truecount="3" falsecount="1"/>
        </file>
      </package>
      <package name="booking.src.client.reducers">
        <metrics statements="15" coveredstatements="15" conditionals="18" coveredconditionals="11" methods="5" coveredmethods="3"/>
        <file name="commonReducer.js" path="C:\Users\Igor_Tsialiuk\Desktop\React\booking\src\client\reducers\commonReducer.js">
          <metrics statements="6" coveredstatements="6" conditionals="6" coveredconditionals="3" methods="2" coveredmethods="1"/>
          <line num="1" count="1" type="cond" truecount="1" falsecount="3"/>
          <line num="3" count="1" type="stmt"/>
          <line num="7" count="1" type="stmt"/>
          <line num="8" count="2" type="cond" truecount="2" falsecount="0"/>
          <line num="12" count="1" type="stmt"/>
          <line num="15" count="1" type="stmt"/>
        </file>
        <file name="hotelsReducer.js" path="C:\Users\Igor_Tsialiuk\Desktop\React\booking\src\client\reducers\hotelsReducer.js">
          <metrics statements="9" coveredstatements="9" conditionals="12" coveredconditionals="8" methods="3" coveredmethods="2"/>
          <line num="1" count="1" type="cond" truecount="1" falsecount="3"/>
          <line num="3" count="1" type="cond" truecount="3" falsecount="1"/>
          <line num="5" count="1" type="stmt"/>
          <line num="14" count="1" type="stmt"/>
          <line num="15" count="4" type="cond" truecount="4" falsecount="0"/>
          <line num="19" count="1" type="stmt"/>
          <line num="24" count="1" type="stmt"/>
          <line num="29" count="1" type="stmt"/>
          <line num="32" count="1" type="stmt"/>
        </file>
      </package>
      <package name="booking.src.client.utils">
        <metrics statements="12" coveredstatements="12" conditionals="4" coveredconditionals="4" methods="3" coveredmethods="3"/>
        <file name="helperFunctions.js" path="C:\Users\Igor_Tsialiuk\Desktop\React\booking\src\client\utils\helperFunctions.js">
          <metrics statements="11" coveredstatements="11" conditionals="4" coveredconditionals="4" methods="3" coveredmethods="3"/>
          <line num="1" count="7" type="stmt"/>
          <line num="2" count="2" type="cond" truecount="2" falsecount="0"/>
          <line num="3" count="1" type="stmt"/>
          <line num="5" count="1" type="stmt"/>
          <line num="9" count="6" type="stmt"/>
          <line num="13" count="12" type="stmt"/>
          <line num="14" count="12" type="stmt"/>
          <line num="15" count="12" type="stmt"/>
          <line num="17" count="12" type="cond" truecount="2" falsecount="0"/>
          <line num="18" count="10" type="stmt"/>
          <line num="20" count="12" type="stmt"/>
        </file>
        <file name="index.js" path="C:\Users\Igor_Tsialiuk\Desktop\React\booking\src\client\utils\index.js">
          <metrics statements="1" coveredstatements="1" conditionals="0" coveredconditionals="0" methods="0" coveredmethods="0"/>
          <line num="1" count="6" type="stmt"/>
        </file>
      </package>
    </metrics>
  </project>
</coverage>
