{"C:\\Users\\Igor_Tsialiuk\\Desktop\\React\\booking\\enzyme.config.js": {"path":"C:\\Users\\Igor_Tsialiuk\\Desktop\\React\\booking\\enzyme.config.js","statementMap":{"0":{"start":{"line":2,"column":223},"end":{"line":2,"column":277}}},"fnMap":{"0":{"name":"_interopRequireDefault","decl":{"start":{"line":2,"column":194},"end":{"line":2,"column":216}},"loc":{"start":{"line":2,"column":222},"end":{"line":2,"column":278}},"line":2}},"branchMap":{"0":{"loc":{"start":{"line":2,"column":230},"end":{"line":2,"column":276}},"type":"cond-expr","locations":[{"start":{"line":2,"column":254},"end":{"line":2,"column":257}},{"start":{"line":2,"column":260},"end":{"line":2,"column":276}}],"line":2},"1":{"loc":{"start":{"line":2,"column":230},"end":{"line":2,"column":251}},"type":"binary-expr","locations":[{"start":{"line":2,"column":230},"end":{"line":2,"column":233}},{"start":{"line":2,"column":237},"end":{"line":2,"column":251}}],"line":2}},"s":{"0":38},"f":{"0":38},"b":{"0":[0,38],"1":[38,38]},"_coverageSchema":"332fd63041d2c1bcb487cc26dd0d5f7d97098a6c","hash":"e41365813970a1f0868fd957131457d6e11eed6e"}
,"C:\\Users\\Igor_Tsialiuk\\Desktop\\React\\booking\\src\\client\\actions\\commonActions.js": {"path":"C:\\Users\\Igor_Tsialiuk\\Desktop\\React\\booking\\src\\client\\actions\\commonActions.js","statementMap":{"0":{"start":{"line":1,"column":39},"end":{"line":1,"column":101}},"1":{"start":{"line":1,"column":101},"end":{"line":1,"column":138}},"2":{"start":{"line":4,"column":4},"end":{"line":4,"column":159}}},"fnMap":{"0":{"name":"setBusyIndicator","decl":{"start":{"line":3,"column":9},"end":{"line":3,"column":25}},"loc":{"start":{"line":3,"column":41},"end":{"line":5,"column":1}},"line":3}},"branchMap":{},"s":{"0":6,"1":6,"2":5},"f":{"0":5},"b":{},"_coverageSchema":"332fd63041d2c1bcb487cc26dd0d5f7d97098a6c","hash":"6c0b19ae2b38c0abaebeecd872e604994f5751ad"}
,"C:\\Users\\Igor_Tsialiuk\\Desktop\\React\\booking\\src\\client\\actions\\hotelsActions.js": {"path":"C:\\Users\\Igor_Tsialiuk\\Desktop\\React\\booking\\src\\client\\actions\\hotelsActions.js","statementMap":{"0":{"start":{"line":1,"column":39},"end":{"line":1,"column":101}},"1":{"start":{"line":1,"column":101},"end":{"line":1,"column":257}},"2":{"start":{"line":3,"column":169},"end":{"line":3,"column":223}},"3":{"start":{"line":7,"column":4},"end":{"line":26,"column":6}},"4":{"start":{"line":8,"column":71},"end":{"line":8,"column":196}},"5":{"start":{"line":10,"column":8},"end":{"line":10,"column":141}},"6":{"start":{"line":11,"column":8},"end":{"line":11,"column":69}},"7":{"start":{"line":12,"column":8},"end":{"line":25,"column":86}},"8":{"start":{"line":16,"column":25},"end":{"line":20,"column":14}},"9":{"start":{"line":19,"column":16},"end":{"line":19,"column":76}},"10":{"start":{"line":22,"column":12},"end":{"line":22,"column":146}},"11":{"start":{"line":23,"column":12},"end":{"line":23,"column":49}},"12":{"start":{"line":30,"column":4},"end":{"line":30,"column":154}},"13":{"start":{"line":35,"column":4},"end":{"line":47,"column":6}},"14":{"start":{"line":36,"column":71},"end":{"line":36,"column":165}},"15":{"start":{"line":38,"column":8},"end":{"line":38,"column":141}},"16":{"start":{"line":39,"column":8},"end":{"line":46,"column":86}},"17":{"start":{"line":43,"column":12},"end":{"line":43,"column":146}},"18":{"start":{"line":44,"column":12},"end":{"line":44,"column":72}},"19":{"start":{"line":51,"column":4},"end":{"line":51,"column":165}},"20":{"start":{"line":56,"column":4},"end":{"line":56,"column":212}}},"fnMap":{"0":{"name":"_interopRequireDefault","decl":{"start":{"line":3,"column":140},"end":{"line":3,"column":162}},"loc":{"start":{"line":3,"column":168},"end":{"line":3,"column":224}},"line":3},"1":{"name":"getListHotels","decl":{"start":{"line":6,"column":9},"end":{"line":6,"column":22}},"loc":{"start":{"line":6,"column":56},"end":{"line":27,"column":1}},"line":6},"2":{"name":"(anonymous_2)","decl":{"start":{"line":7,"column":11},"end":{"line":7,"column":12}},"loc":{"start":{"line":7,"column":31},"end":{"line":26,"column":5}},"line":7},"3":{"name":"(anonymous_3)","decl":{"start":{"line":14,"column":13},"end":{"line":14,"column":14}},"loc":{"start":{"line":14,"column":56},"end":{"line":14,"column":78}},"line":14},"4":{"name":"(anonymous_4)","decl":{"start":{"line":15,"column":13},"end":{"line":15,"column":14}},"loc":{"start":{"line":15,"column":30},"end":{"line":24,"column":9}},"line":15},"5":{"name":"(anonymous_5)","decl":{"start":{"line":16,"column":50},"end":{"line":16,"column":51}},"loc":{"start":{"line":16,"column":67},"end":{"line":20,"column":13}},"line":16},"6":{"name":"(anonymous_6)","decl":{"start":{"line":25,"column":14},"end":{"line":25,"column":15}},"loc":{"start":{"line":25,"column":55},"end":{"line":25,"column":84}},"line":25},"7":{"name":"receivedListHotels","decl":{"start":{"line":29,"column":9},"end":{"line":29,"column":27}},"loc":{"start":{"line":29,"column":40},"end":{"line":31,"column":1}},"line":29},"8":{"name":"getHotelInformation","decl":{"start":{"line":34,"column":9},"end":{"line":34,"column":28}},"loc":{"start":{"line":34,"column":33},"end":{"line":48,"column":1}},"line":34},"9":{"name":"(anonymous_9)","decl":{"start":{"line":35,"column":11},"end":{"line":35,"column":12}},"loc":{"start":{"line":35,"column":31},"end":{"line":47,"column":5}},"line":35},"10":{"name":"(anonymous_10)","decl":{"start":{"line":41,"column":13},"end":{"line":41,"column":14}},"loc":{"start":{"line":41,"column":56},"end":{"line":41,"column":78}},"line":41},"11":{"name":"(anonymous_11)","decl":{"start":{"line":42,"column":13},"end":{"line":42,"column":14}},"loc":{"start":{"line":42,"column":30},"end":{"line":45,"column":9}},"line":42},"12":{"name":"(anonymous_12)","decl":{"start":{"line":46,"column":14},"end":{"line":46,"column":15}},"loc":{"start":{"line":46,"column":55},"end":{"line":46,"column":84}},"line":46},"13":{"name":"receivedHotelInformation","decl":{"start":{"line":50,"column":9},"end":{"line":50,"column":33}},"loc":{"start":{"line":50,"column":52},"end":{"line":52,"column":1}},"line":50},"14":{"name":"changeFilterNames","decl":{"start":{"line":55,"column":9},"end":{"line":55,"column":26}},"loc":{"start":{"line":55,"column":66},"end":{"line":57,"column":1}},"line":55}},"branchMap":{"0":{"loc":{"start":{"line":3,"column":176},"end":{"line":3,"column":222}},"type":"cond-expr","locations":[{"start":{"line":3,"column":200},"end":{"line":3,"column":203}},{"start":{"line":3,"column":206},"end":{"line":3,"column":222}}],"line":3},"1":{"loc":{"start":{"line":3,"column":176},"end":{"line":3,"column":197}},"type":"binary-expr","locations":[{"start":{"line":3,"column":176},"end":{"line":3,"column":179}},{"start":{"line":3,"column":183},"end":{"line":3,"column":197}}],"line":3}},"s":{"0":5,"1":5,"2":5,"3":1,"4":1,"5":1,"6":1,"7":1,"8":0,"9":0,"10":0,"11":0,"12":1,"13":1,"14":1,"15":1,"16":1,"17":0,"18":0,"19":1,"20":3},"f":{"0":5,"1":1,"2":1,"3":0,"4":0,"5":0,"6":0,"7":1,"8":1,"9":1,"10":0,"11":0,"12":0,"13":1,"14":3},"b":{"0":[5,0],"1":[5,5]},"_coverageSchema":"332fd63041d2c1bcb487cc26dd0d5f7d97098a6c","hash":"34467368e2cd87c949df2609318b1721c13abbb9"}
,"C:\\Users\\Igor_Tsialiuk\\Desktop\\React\\booking\\src\\client\\actions\\index.js": {"path":"C:\\Users\\Igor_Tsialiuk\\Desktop\\React\\booking\\src\\client\\actions\\index.js","statementMap":{"0":{"start":{"line":1,"column":39},"end":{"line":1,"column":101}},"1":{"start":{"line":1,"column":101},"end":{"line":1,"column":159}},"2":{"start":{"line":2,"column":444},"end":{"line":5,"column":30}}},"fnMap":{},"branchMap":{},"s":{"0":4,"1":4,"2":4},"f":{},"b":{},"_coverageSchema":"332fd63041d2c1bcb487cc26dd0d5f7d97098a6c","hash":"b086325e64d4d741d2c8cec7142d7df04d511ed8"}
,"C:\\Users\\Igor_Tsialiuk\\Desktop\\React\\booking\\src\\client\\components\\index.js": {"path":"C:\\Users\\Igor_Tsialiuk\\Desktop\\React\\booking\\src\\client\\components\\index.js","statementMap":{"0":{"start":{"line":1,"column":39},"end":{"line":1,"column":101}},"1":{"start":{"line":1,"column":101},"end":{"line":1,"column":227}},"2":{"start":{"line":6,"column":196},"end":{"line":6,"column":250}},"3":{"start":{"line":6,"column":251},"end":{"line":8,"column":79}},"4":{"start":{"line":8,"column":79},"end":{"line":8,"column":164}},"5":{"start":{"line":8,"column":164},"end":{"line":8,"column":265}},"6":{"start":{"line":8,"column":265},"end":{"line":8,"column":352}},"7":{"start":{"line":8,"column":352},"end":{"line":8,"column":443}},"8":{"start":{"line":8,"column":443},"end":{"line":8,"column":542}}},"fnMap":{"0":{"name":"_interopRequireDefault","decl":{"start":{"line":6,"column":167},"end":{"line":6,"column":189}},"loc":{"start":{"line":6,"column":195},"end":{"line":6,"column":251}},"line":6}},"branchMap":{"0":{"loc":{"start":{"line":6,"column":203},"end":{"line":6,"column":249}},"type":"cond-expr","locations":[{"start":{"line":6,"column":227},"end":{"line":6,"column":230}},{"start":{"line":6,"column":233},"end":{"line":6,"column":249}}],"line":6},"1":{"loc":{"start":{"line":6,"column":203},"end":{"line":6,"column":224}},"type":"binary-expr","locations":[{"start":{"line":6,"column":203},"end":{"line":6,"column":206}},{"start":{"line":6,"column":210},"end":{"line":6,"column":224}}],"line":6}},"s":{"0":4,"1":4,"2":24,"3":4,"4":4,"5":4,"6":4,"7":4,"8":4},"f":{"0":24},"b":{"0":[24,0],"1":[24,24]},"_coverageSchema":"332fd63041d2c1bcb487cc26dd0d5f7d97098a6c","hash":"d677598e8cf6a79a0254aadb5602211002d64e11"}
,"C:\\Users\\Igor_Tsialiuk\\Desktop\\React\\booking\\src\\client\\components\\BusyIndicator\\BusyIndicator.js": {"path":"C:\\Users\\Igor_Tsialiuk\\Desktop\\React\\booking\\src\\client\\components\\BusyIndicator\\BusyIndicator.js","statementMap":{"0":{"start":{"line":1,"column":39},"end":{"line":1,"column":101}},"1":{"start":{"line":7,"column":20},"end":{"line":7,"column":53}},"2":{"start":{"line":9,"column":4},"end":{"line":10,"column":152}},"3":{"start":{"line":14,"column":0},"end":{"line":15,"column":90}}},"fnMap":{"0":{"name":"BusyIndicator","decl":{"start":{"line":6,"column":9},"end":{"line":6,"column":22}},"loc":{"start":{"line":6,"column":30},"end":{"line":12,"column":1}},"line":6}},"branchMap":{"0":{"loc":{"start":{"line":7,"column":20},"end":{"line":7,"column":53}},"type":"cond-expr","locations":[{"start":{"line":7,"column":33},"end":{"line":7,"column":48}},{"start":{"line":7,"column":51},"end":{"line":7,"column":53}}],"line":7}},"s":{"0":5,"1":2,"2":2,"3":5},"f":{"0":2},"b":{"0":[1,1]},"_coverageSchema":"332fd63041d2c1bcb487cc26dd0d5f7d97098a6c","hash":"e883907b325f1517dfbfe98f86ad185ca111250e"}
,"C:\\Users\\Igor_Tsialiuk\\Desktop\\React\\booking\\src\\client\\components\\BusyIndicator\\index.js": {"path":"C:\\Users\\Igor_Tsialiuk\\Desktop\\React\\booking\\src\\client\\components\\BusyIndicator\\index.js","statementMap":{"0":{"start":{"line":1,"column":39},"end":{"line":1,"column":101}},"1":{"start":{"line":1,"column":301},"end":{"line":1,"column":355}},"2":{"start":{"line":1,"column":356},"end":{"line":3,"column":77}}},"fnMap":{"0":{"name":"_interopRequireDefault","decl":{"start":{"line":1,"column":272},"end":{"line":1,"column":294}},"loc":{"start":{"line":1,"column":300},"end":{"line":1,"column":356}},"line":1}},"branchMap":{"0":{"loc":{"start":{"line":1,"column":308},"end":{"line":1,"column":354}},"type":"cond-expr","locations":[{"start":{"line":1,"column":332},"end":{"line":1,"column":335}},{"start":{"line":1,"column":338},"end":{"line":1,"column":354}}],"line":1},"1":{"loc":{"start":{"line":1,"column":308},"end":{"line":1,"column":329}},"type":"binary-expr","locations":[{"start":{"line":1,"column":308},"end":{"line":1,"column":311}},{"start":{"line":1,"column":315},"end":{"line":1,"column":329}}],"line":1}},"s":{"0":4,"1":4,"2":4},"f":{"0":4},"b":{"0":[4,0],"1":[4,4]},"_coverageSchema":"332fd63041d2c1bcb487cc26dd0d5f7d97098a6c","hash":"bbb2e711e861fcb3ada1ff794e3c70f568cd8787"}
,"C:\\Users\\Igor_Tsialiuk\\Desktop\\React\\booking\\src\\client\\components\\BusyIndicator\\styles.css": {"path":"C:\\Users\\Igor_Tsialiuk\\Desktop\\React\\booking\\src\\client\\components\\BusyIndicator\\styles.css","statementMap":{},"fnMap":{},"branchMap":{},"s":{},"f":{},"b":{},"_coverageSchema":"332fd63041d2c1bcb487cc26dd0d5f7d97098a6c","hash":"173f2e28016b6b15f4d11a3708732b6cd8bf9b79"}
,"C:\\Users\\Igor_Tsialiuk\\Desktop\\React\\booking\\src\\client\\components\\Carousel\\Carousel.js": {"path":"C:\\Users\\Igor_Tsialiuk\\Desktop\\React\\booking\\src\\client\\components\\Carousel\\Carousel.js","statementMap":{"0":{"start":{"line":1,"column":39},"end":{"line":1,"column":101}},"1":{"start":{"line":10,"column":17},"end":{"line":10,"column":33}},"2":{"start":{"line":12,"column":4},"end":{"line":21,"column":17}},"3":{"start":{"line":16,"column":52},"end":{"line":16,"column":195}},"4":{"start":{"line":18,"column":16},"end":{"line":19,"column":161}},"5":{"start":{"line":27,"column":0},"end":{"line":28,"column":90}}},"fnMap":{"0":{"name":"Carousel","decl":{"start":{"line":8,"column":9},"end":{"line":8,"column":17}},"loc":{"start":{"line":8,"column":25},"end":{"line":25,"column":1}},"line":8},"1":{"name":"(anonymous_1)","decl":{"start":{"line":15,"column":23},"end":{"line":15,"column":24}},"loc":{"start":{"line":15,"column":47},"end":{"line":21,"column":13}},"line":15}},"branchMap":{},"s":{"0":5,"1":2,"2":2,"3":6,"4":6,"5":5},"f":{"0":2,"1":6},"b":{},"_coverageSchema":"332fd63041d2c1bcb487cc26dd0d5f7d97098a6c","hash":"5a3c6b202b0a302fabe4653f48a4a46d1848946a"}
,"C:\\Users\\Igor_Tsialiuk\\Desktop\\React\\booking\\src\\client\\components\\Carousel\\index.js": {"path":"C:\\Users\\Igor_Tsialiuk\\Desktop\\React\\booking\\src\\client\\components\\Carousel\\index.js","statementMap":{"0":{"start":{"line":1,"column":39},"end":{"line":1,"column":101}},"1":{"start":{"line":1,"column":281},"end":{"line":1,"column":335}},"2":{"start":{"line":1,"column":336},"end":{"line":3,"column":72}}},"fnMap":{"0":{"name":"_interopRequireDefault","decl":{"start":{"line":1,"column":252},"end":{"line":1,"column":274}},"loc":{"start":{"line":1,"column":280},"end":{"line":1,"column":336}},"line":1}},"branchMap":{"0":{"loc":{"start":{"line":1,"column":288},"end":{"line":1,"column":334}},"type":"cond-expr","locations":[{"start":{"line":1,"column":312},"end":{"line":1,"column":315}},{"start":{"line":1,"column":318},"end":{"line":1,"column":334}}],"line":1},"1":{"loc":{"start":{"line":1,"column":288},"end":{"line":1,"column":309}},"type":"binary-expr","locations":[{"start":{"line":1,"column":288},"end":{"line":1,"column":291}},{"start":{"line":1,"column":295},"end":{"line":1,"column":309}}],"line":1}},"s":{"0":4,"1":4,"2":4},"f":{"0":4},"b":{"0":[4,0],"1":[4,4]},"_coverageSchema":"332fd63041d2c1bcb487cc26dd0d5f7d97098a6c","hash":"3e6e452fb44dc57ac6a0d8a6baec0208a9151d2d"}
,"C:\\Users\\Igor_Tsialiuk\\Desktop\\React\\booking\\src\\client\\components\\Carousel\\styles.css": {"path":"C:\\Users\\Igor_Tsialiuk\\Desktop\\React\\booking\\src\\client\\components\\Carousel\\styles.css","statementMap":{},"fnMap":{},"branchMap":{},"s":{},"f":{},"b":{},"_coverageSchema":"332fd63041d2c1bcb487cc26dd0d5f7d97098a6c","hash":"f707a1f6fe4a1a6261c10bc210ea9e8407bc382e"}
,"C:\\Users\\Igor_Tsialiuk\\Desktop\\React\\booking\\src\\client\\components\\Field\\Field.js": {"path":"C:\\Users\\Igor_Tsialiuk\\Desktop\\React\\booking\\src\\client\\components\\Field\\Field.js","statementMap":{"0":{"start":{"line":1,"column":39},"end":{"line":1,"column":101}},"1":{"start":{"line":2,"column":183},"end":{"line":2,"column":237}},"2":{"start":{"line":5,"column":4},"end":{"line":6,"column":108}},"3":{"start":{"line":10,"column":0},"end":{"line":18,"column":94}}},"fnMap":{"0":{"name":"_interopRequireDefault","decl":{"start":{"line":2,"column":154},"end":{"line":2,"column":176}},"loc":{"start":{"line":2,"column":182},"end":{"line":2,"column":238}},"line":2},"1":{"name":"Field","decl":{"start":{"line":4,"column":9},"end":{"line":4,"column":14}},"loc":{"start":{"line":4,"column":22},"end":{"line":8,"column":1}},"line":4}},"branchMap":{"0":{"loc":{"start":{"line":2,"column":190},"end":{"line":2,"column":236}},"type":"cond-expr","locations":[{"start":{"line":2,"column":214},"end":{"line":2,"column":217}},{"start":{"line":2,"column":220},"end":{"line":2,"column":236}}],"line":2},"1":{"loc":{"start":{"line":2,"column":190},"end":{"line":2,"column":211}},"type":"binary-expr","locations":[{"start":{"line":2,"column":190},"end":{"line":2,"column":193}},{"start":{"line":2,"column":197},"end":{"line":2,"column":211}}],"line":2}},"s":{"0":5,"1":10,"2":1,"3":5},"f":{"0":10,"1":1},"b":{"0":[0,10],"1":[10,10]},"_coverageSchema":"332fd63041d2c1bcb487cc26dd0d5f7d97098a6c","hash":"c810b71a804ee0f4119f410925df707d718eb70c"}
,"C:\\Users\\Igor_Tsialiuk\\Desktop\\React\\booking\\src\\client\\components\\Field\\index.js": {"path":"C:\\Users\\Igor_Tsialiuk\\Desktop\\React\\booking\\src\\client\\components\\Field\\index.js","statementMap":{"0":{"start":{"line":1,"column":39},"end":{"line":1,"column":101}},"1":{"start":{"line":1,"column":269},"end":{"line":1,"column":323}},"2":{"start":{"line":1,"column":324},"end":{"line":3,"column":69}}},"fnMap":{"0":{"name":"_interopRequireDefault","decl":{"start":{"line":1,"column":240},"end":{"line":1,"column":262}},"loc":{"start":{"line":1,"column":268},"end":{"line":1,"column":324}},"line":1}},"branchMap":{"0":{"loc":{"start":{"line":1,"column":276},"end":{"line":1,"column":322}},"type":"cond-expr","locations":[{"start":{"line":1,"column":300},"end":{"line":1,"column":303}},{"start":{"line":1,"column":306},"end":{"line":1,"column":322}}],"line":1},"1":{"loc":{"start":{"line":1,"column":276},"end":{"line":1,"column":297}},"type":"binary-expr","locations":[{"start":{"line":1,"column":276},"end":{"line":1,"column":279}},{"start":{"line":1,"column":283},"end":{"line":1,"column":297}}],"line":1}},"s":{"0":4,"1":4,"2":4},"f":{"0":4},"b":{"0":[4,0],"1":[4,4]},"_coverageSchema":"332fd63041d2c1bcb487cc26dd0d5f7d97098a6c","hash":"c21994a4491e07dce838b6e6b250c89ff7bb8bf1"}
,"C:\\Users\\Igor_Tsialiuk\\Desktop\\React\\booking\\src\\client\\components\\Footer\\Footer.js": {"path":"C:\\Users\\Igor_Tsialiuk\\Desktop\\React\\booking\\src\\client\\components\\Footer\\Footer.js","statementMap":{"0":{"start":{"line":1,"column":39},"end":{"line":1,"column":101}},"1":{"start":{"line":6,"column":4},"end":{"line":8,"column":205}}},"fnMap":{"0":{"name":"Footer","decl":{"start":{"line":5,"column":9},"end":{"line":5,"column":15}},"loc":{"start":{"line":5,"column":18},"end":{"line":11,"column":1}},"line":5}},"branchMap":{},"s":{"0":5,"1":1},"f":{"0":1},"b":{},"_coverageSchema":"332fd63041d2c1bcb487cc26dd0d5f7d97098a6c","hash":"0fc568d98cbf9e12768a4976735001d72a549c71"}
,"C:\\Users\\Igor_Tsialiuk\\Desktop\\React\\booking\\src\\client\\components\\Footer\\index.js": {"path":"C:\\Users\\Igor_Tsialiuk\\Desktop\\React\\booking\\src\\client\\components\\Footer\\index.js","statementMap":{"0":{"start":{"line":1,"column":39},"end":{"line":1,"column":101}},"1":{"start":{"line":1,"column":273},"end":{"line":1,"column":327}},"2":{"start":{"line":1,"column":328},"end":{"line":3,"column":70}}},"fnMap":{"0":{"name":"_interopRequireDefault","decl":{"start":{"line":1,"column":244},"end":{"line":1,"column":266}},"loc":{"start":{"line":1,"column":272},"end":{"line":1,"column":328}},"line":1}},"branchMap":{"0":{"loc":{"start":{"line":1,"column":280},"end":{"line":1,"column":326}},"type":"cond-expr","locations":[{"start":{"line":1,"column":304},"end":{"line":1,"column":307}},{"start":{"line":1,"column":310},"end":{"line":1,"column":326}}],"line":1},"1":{"loc":{"start":{"line":1,"column":280},"end":{"line":1,"column":301}},"type":"binary-expr","locations":[{"start":{"line":1,"column":280},"end":{"line":1,"column":283}},{"start":{"line":1,"column":287},"end":{"line":1,"column":301}}],"line":1}},"s":{"0":4,"1":4,"2":4},"f":{"0":4},"b":{"0":[4,0],"1":[4,4]},"_coverageSchema":"332fd63041d2c1bcb487cc26dd0d5f7d97098a6c","hash":"5675ae2590530d07cce9a3b1c67b042336bbd44e"}
,"C:\\Users\\Igor_Tsialiuk\\Desktop\\React\\booking\\src\\client\\components\\Footer\\styles.css": {"path":"C:\\Users\\Igor_Tsialiuk\\Desktop\\React\\booking\\src\\client\\components\\Footer\\styles.css","statementMap":{},"fnMap":{},"branchMap":{},"s":{},"f":{},"b":{},"_coverageSchema":"332fd63041d2c1bcb487cc26dd0d5f7d97098a6c","hash":"c8431935e524e36f6dcefecb9574130a1dadf5f9"}
,"C:\\Users\\Igor_Tsialiuk\\Desktop\\React\\booking\\src\\client\\components\\Header\\Header.js": {"path":"C:\\Users\\Igor_Tsialiuk\\Desktop\\React\\booking\\src\\client\\components\\Header\\Header.js","statementMap":{"0":{"start":{"line":1,"column":39},"end":{"line":1,"column":101}},"1":{"start":{"line":7,"column":4},"end":{"line":10,"column":265}}},"fnMap":{"0":{"name":"Header","decl":{"start":{"line":6,"column":9},"end":{"line":6,"column":15}},"loc":{"start":{"line":6,"column":18},"end":{"line":13,"column":1}},"line":6}},"branchMap":{},"s":{"0":5,"1":1},"f":{"0":1},"b":{},"_coverageSchema":"332fd63041d2c1bcb487cc26dd0d5f7d97098a6c","hash":"f79f5f9ae0d71ecc235a0e6d6e4019272f761259"}
,"C:\\Users\\Igor_Tsialiuk\\Desktop\\React\\booking\\src\\client\\components\\Header\\index.js": {"path":"C:\\Users\\Igor_Tsialiuk\\Desktop\\React\\booking\\src\\client\\components\\Header\\index.js","statementMap":{"0":{"start":{"line":1,"column":39},"end":{"line":1,"column":101}},"1":{"start":{"line":1,"column":273},"end":{"line":1,"column":327}},"2":{"start":{"line":1,"column":328},"end":{"line":3,"column":70}}},"fnMap":{"0":{"name":"_interopRequireDefault","decl":{"start":{"line":1,"column":244},"end":{"line":1,"column":266}},"loc":{"start":{"line":1,"column":272},"end":{"line":1,"column":328}},"line":1}},"branchMap":{"0":{"loc":{"start":{"line":1,"column":280},"end":{"line":1,"column":326}},"type":"cond-expr","locations":[{"start":{"line":1,"column":304},"end":{"line":1,"column":307}},{"start":{"line":1,"column":310},"end":{"line":1,"column":326}}],"line":1},"1":{"loc":{"start":{"line":1,"column":280},"end":{"line":1,"column":301}},"type":"binary-expr","locations":[{"start":{"line":1,"column":280},"end":{"line":1,"column":283}},{"start":{"line":1,"column":287},"end":{"line":1,"column":301}}],"line":1}},"s":{"0":4,"1":4,"2":4},"f":{"0":4},"b":{"0":[4,0],"1":[4,4]},"_coverageSchema":"332fd63041d2c1bcb487cc26dd0d5f7d97098a6c","hash":"fe062dc3aa1ae95ff5df4453256ab72bebd72178"}
,"C:\\Users\\Igor_Tsialiuk\\Desktop\\React\\booking\\src\\client\\components\\Header\\styles.css": {"path":"C:\\Users\\Igor_Tsialiuk\\Desktop\\React\\booking\\src\\client\\components\\Header\\styles.css","statementMap":{},"fnMap":{},"branchMap":{},"s":{},"f":{},"b":{},"_coverageSchema":"332fd63041d2c1bcb487cc26dd0d5f7d97098a6c","hash":"484a163dc804d9b96a3cfb82c43f99192b038232"}
,"C:\\Users\\Igor_Tsialiuk\\Desktop\\React\\booking\\src\\client\\components\\MapContainer\\MapContainer.js": {"path":"C:\\Users\\Igor_Tsialiuk\\Desktop\\React\\booking\\src\\client\\components\\MapContainer\\MapContainer.js","statementMap":{"0":{"start":{"line":1,"column":39},"end":{"line":1,"column":101}},"1":{"start":{"line":10,"column":1},"end":{"line":16,"column":225}},"2":{"start":{"line":21,"column":0},"end":{"line":25,"column":97}}},"fnMap":{"0":{"name":"MapContainer","decl":{"start":{"line":7,"column":9},"end":{"line":7,"column":21}},"loc":{"start":{"line":7,"column":29},"end":{"line":19,"column":1}},"line":7}},"branchMap":{},"s":{"0":5,"1":0,"2":5},"f":{"0":0},"b":{},"_coverageSchema":"332fd63041d2c1bcb487cc26dd0d5f7d97098a6c","hash":"08337d0830d7fe0ebbdd022da80a980af9ede6aa"}
,"C:\\Users\\Igor_Tsialiuk\\Desktop\\React\\booking\\src\\client\\components\\MapContainer\\index.js": {"path":"C:\\Users\\Igor_Tsialiuk\\Desktop\\React\\booking\\src\\client\\components\\MapContainer\\index.js","statementMap":{"0":{"start":{"line":1,"column":39},"end":{"line":1,"column":101}},"1":{"start":{"line":1,"column":297},"end":{"line":1,"column":351}},"2":{"start":{"line":1,"column":352},"end":{"line":3,"column":76}}},"fnMap":{"0":{"name":"_interopRequireDefault","decl":{"start":{"line":1,"column":268},"end":{"line":1,"column":290}},"loc":{"start":{"line":1,"column":296},"end":{"line":1,"column":352}},"line":1}},"branchMap":{"0":{"loc":{"start":{"line":1,"column":304},"end":{"line":1,"column":350}},"type":"cond-expr","locations":[{"start":{"line":1,"column":328},"end":{"line":1,"column":331}},{"start":{"line":1,"column":334},"end":{"line":1,"column":350}}],"line":1},"1":{"loc":{"start":{"line":1,"column":304},"end":{"line":1,"column":325}},"type":"binary-expr","locations":[{"start":{"line":1,"column":304},"end":{"line":1,"column":307}},{"start":{"line":1,"column":311},"end":{"line":1,"column":325}}],"line":1}},"s":{"0":4,"1":4,"2":4},"f":{"0":4},"b":{"0":[4,0],"1":[4,4]},"_coverageSchema":"332fd63041d2c1bcb487cc26dd0d5f7d97098a6c","hash":"0119d0d6427322a43ea4dc653cf2ad6adb5435c0"}
,"C:\\Users\\Igor_Tsialiuk\\Desktop\\React\\booking\\src\\client\\constants\\commonConstants.js": {"path":"C:\\Users\\Igor_Tsialiuk\\Desktop\\React\\booking\\src\\client\\constants\\commonConstants.js","statementMap":{"0":{"start":{"line":1,"column":39},"end":{"line":1,"column":101}},"1":{"start":{"line":1,"column":148},"end":{"line":1,"column":189}}},"fnMap":{},"branchMap":{},"s":{"0":12,"1":12},"f":{},"b":{},"_coverageSchema":"332fd63041d2c1bcb487cc26dd0d5f7d97098a6c","hash":"131c3c33b5b8eb0b413ab1f62971d6566de61abe"}
,"C:\\Users\\Igor_Tsialiuk\\Desktop\\React\\booking\\src\\client\\constants\\hotelsConstants.js": {"path":"C:\\Users\\Igor_Tsialiuk\\Desktop\\React\\booking\\src\\client\\constants\\hotelsConstants.js","statementMap":{"0":{"start":{"line":1,"column":39},"end":{"line":1,"column":101}},"1":{"start":{"line":1,"column":149},"end":{"line":1,"column":192}},"2":{"start":{"line":2,"column":47},"end":{"line":2,"column":88}},"3":{"start":{"line":3,"column":43},"end":{"line":3,"column":112}},"4":{"start":{"line":4,"column":48},"end":{"line":4,"column":120}},"5":{"start":{"line":5,"column":52},"end":{"line":5,"column":103}},"6":{"start":{"line":6,"column":47},"end":{"line":6,"column":113}}},"fnMap":{},"branchMap":{},"s":{"0":12,"1":12,"2":12,"3":12,"4":12,"5":12,"6":12},"f":{},"b":{},"_coverageSchema":"332fd63041d2c1bcb487cc26dd0d5f7d97098a6c","hash":"2b074d318d81729f769e63382b30d5d18e54fdfe"}
,"C:\\Users\\Igor_Tsialiuk\\Desktop\\React\\booking\\src\\client\\constants\\index.js": {"path":"C:\\Users\\Igor_Tsialiuk\\Desktop\\React\\booking\\src\\client\\constants\\index.js","statementMap":{"0":{"start":{"line":1,"column":39},"end":{"line":1,"column":101}},"1":{"start":{"line":1,"column":101},"end":{"line":1,"column":163}},"2":{"start":{"line":2,"column":452},"end":{"line":4,"column":34}}},"fnMap":{},"branchMap":{},"s":{"0":12,"1":12,"2":12},"f":{},"b":{},"_coverageSchema":"332fd63041d2c1bcb487cc26dd0d5f7d97098a6c","hash":"eb9256d7a716ad94c665fb1bf07b4b9be1664be7"}
,"C:\\Users\\Igor_Tsialiuk\\Desktop\\React\\booking\\src\\client\\navigations\\RootNavigation\\RootNavigation.js": {"path":"C:\\Users\\Igor_Tsialiuk\\Desktop\\React\\booking\\src\\client\\navigations\\RootNavigation\\RootNavigation.js","statementMap":{"0":{"start":{"line":1,"column":39},"end":{"line":1,"column":101}},"1":{"start":{"line":1,"column":120},"end":{"line":1,"column":649}},"2":{"start":{"line":1,"column":175},"end":{"line":1,"column":440}},"3":{"start":{"line":1,"column":232},"end":{"line":1,"column":240}},"4":{"start":{"line":1,"column":241},"end":{"line":1,"column":296}},"5":{"start":{"line":1,"column":296},"end":{"line":1,"column":327}},"6":{"start":{"line":1,"column":327},"end":{"line":1,"column":381}},"7":{"start":{"line":1,"column":354},"end":{"line":1,"column":381}},"8":{"start":{"line":1,"column":381},"end":{"line":1,"column":439}},"9":{"start":{"line":1,"column":441},"end":{"line":1,"column":646}},"10":{"start":{"line":1,"column":497},"end":{"line":1,"column":565}},"11":{"start":{"line":1,"column":513},"end":{"line":1,"column":565}},"12":{"start":{"line":1,"column":565},"end":{"line":1,"column":625}},"13":{"start":{"line":1,"column":582},"end":{"line":1,"column":625}},"14":{"start":{"line":1,"column":625},"end":{"line":1,"column":644}},"15":{"start":{"line":5,"column":172},"end":{"line":5,"column":226}},"16":{"start":{"line":5,"column":276},"end":{"line":5,"column":375}},"17":{"start":{"line":5,"column":317},"end":{"line":5,"column":374}},"18":{"start":{"line":5,"column":425},"end":{"line":5,"column":524}},"19":{"start":{"line":5,"column":437},"end":{"line":5,"column":523}},"20":{"start":{"line":5,"column":524},"end":{"line":5,"column":610}},"21":{"start":{"line":5,"column":653},"end":{"line":5,"column":816}},"22":{"start":{"line":5,"column":715},"end":{"line":5,"column":815}},"23":{"start":{"line":5,"column":816},"end":{"line":5,"column":980}},"24":{"start":{"line":5,"column":980},"end":{"line":5,"column":1098}},"25":{"start":{"line":5,"column":996},"end":{"line":5,"column":1098}},"26":{"start":{"line":7,"column":17},"end":{"line":16,"column":109}},"27":{"start":{"line":7,"column":40},"end":{"line":7,"column":78}},"28":{"start":{"line":7,"column":105},"end":{"line":7,"column":143}},"29":{"start":{"line":7,"column":143},"end":{"line":7,"column":275}},"30":{"start":{"line":7,"column":276},"end":{"line":16,"column":14}},"31":{"start":{"line":9,"column":12},"end":{"line":12,"column":215}},"32":{"start":{"line":16,"column":14},"end":{"line":16,"column":36}},"33":{"start":{"line":16,"column":110},"end":{"line":19,"column":15}}},"fnMap":{"0":{"name":"(anonymous_0)","decl":{"start":{"line":1,"column":120},"end":{"line":1,"column":121}},"loc":{"start":{"line":1,"column":132},"end":{"line":1,"column":647}},"line":1},"1":{"name":"defineProperties","decl":{"start":{"line":1,"column":142},"end":{"line":1,"column":158}},"loc":{"start":{"line":1,"column":174},"end":{"line":1,"column":441}},"line":1},"2":{"name":"(anonymous_2)","decl":{"start":{"line":1,"column":448},"end":{"line":1,"column":449}},"loc":{"start":{"line":1,"column":496},"end":{"line":1,"column":645}},"line":1},"3":{"name":"_interopRequireDefault","decl":{"start":{"line":5,"column":143},"end":{"line":5,"column":165}},"loc":{"start":{"line":5,"column":171},"end":{"line":5,"column":227}},"line":5},"4":{"name":"_classCallCheck","decl":{"start":{"line":5,"column":236},"end":{"line":5,"column":251}},"loc":{"start":{"line":5,"column":275},"end":{"line":5,"column":376}},"line":5},"5":{"name":"_possibleConstructorReturn","decl":{"start":{"line":5,"column":385},"end":{"line":5,"column":411}},"loc":{"start":{"line":5,"column":424},"end":{"line":5,"column":611}},"line":5},"6":{"name":"_inherits","decl":{"start":{"line":5,"column":620},"end":{"line":5,"column":629}},"loc":{"start":{"line":5,"column":652},"end":{"line":5,"column":1099}},"line":5},"7":{"name":"(anonymous_7)","decl":{"start":{"line":7,"column":17},"end":{"line":7,"column":18}},"loc":{"start":{"line":7,"column":39},"end":{"line":16,"column":37}},"line":7},"8":{"name":"RootNavigation","decl":{"start":{"line":7,"column":87},"end":{"line":7,"column":101}},"loc":{"start":{"line":7,"column":104},"end":{"line":7,"column":276}},"line":7},"9":{"name":"render","decl":{"start":{"line":7,"column":339},"end":{"line":7,"column":345}},"loc":{"start":{"line":8,"column":8},"end":{"line":16,"column":9}},"line":8}},"branchMap":{"0":{"loc":{"start":{"line":1,"column":265},"end":{"line":1,"column":295}},"type":"binary-expr","locations":[{"start":{"line":1,"column":265},"end":{"line":1,"column":286}},{"start":{"line":1,"column":290},"end":{"line":1,"column":295}}],"line":1},"1":{"loc":{"start":{"line":1,"column":327},"end":{"line":1,"column":381}},"type":"if","locations":[{"start":{"line":1,"column":327},"end":{"line":1,"column":381}},{"start":{"line":1,"column":327},"end":{"line":1,"column":381}}],"line":1},"2":{"loc":{"start":{"line":1,"column":497},"end":{"line":1,"column":565}},"type":"if","locations":[{"start":{"line":1,"column":497},"end":{"line":1,"column":565}},{"start":{"line":1,"column":497},"end":{"line":1,"column":565}}],"line":1},"3":{"loc":{"start":{"line":1,"column":565},"end":{"line":1,"column":625}},"type":"if","locations":[{"start":{"line":1,"column":565},"end":{"line":1,"column":625}},{"start":{"line":1,"column":565},"end":{"line":1,"column":625}}],"line":1},"4":{"loc":{"start":{"line":5,"column":179},"end":{"line":5,"column":225}},"type":"cond-expr","locations":[{"start":{"line":5,"column":203},"end":{"line":5,"column":206}},{"start":{"line":5,"column":209},"end":{"line":5,"column":225}}],"line":5},"5":{"loc":{"start":{"line":5,"column":179},"end":{"line":5,"column":200}},"type":"binary-expr","locations":[{"start":{"line":5,"column":179},"end":{"line":5,"column":182}},{"start":{"line":5,"column":186},"end":{"line":5,"column":200}}],"line":5},"6":{"loc":{"start":{"line":5,"column":276},"end":{"line":5,"column":375}},"type":"if","locations":[{"start":{"line":5,"column":276},"end":{"line":5,"column":375}},{"start":{"line":5,"column":276},"end":{"line":5,"column":375}}],"line":5},"7":{"loc":{"start":{"line":5,"column":425},"end":{"line":5,"column":524}},"type":"if","locations":[{"start":{"line":5,"column":425},"end":{"line":5,"column":524}},{"start":{"line":5,"column":425},"end":{"line":5,"column":524}}],"line":5},"8":{"loc":{"start":{"line":5,"column":531},"end":{"line":5,"column":609}},"type":"cond-expr","locations":[{"start":{"line":5,"column":598},"end":{"line":5,"column":602}},{"start":{"line":5,"column":605},"end":{"line":5,"column":609}}],"line":5},"9":{"loc":{"start":{"line":5,"column":531},"end":{"line":5,"column":595}},"type":"binary-expr","locations":[{"start":{"line":5,"column":531},"end":{"line":5,"column":535}},{"start":{"line":5,"column":540},"end":{"line":5,"column":564}},{"start":{"line":5,"column":568},"end":{"line":5,"column":594}}],"line":5},"10":{"loc":{"start":{"line":5,"column":653},"end":{"line":5,"column":816}},"type":"if","locations":[{"start":{"line":5,"column":653},"end":{"line":5,"column":816}},{"start":{"line":5,"column":653},"end":{"line":5,"column":816}}],"line":5},"11":{"loc":{"start":{"line":5,"column":657},"end":{"line":5,"column":712}},"type":"binary-expr","locations":[{"start":{"line":5,"column":657},"end":{"line":5,"column":689}},{"start":{"line":5,"column":693},"end":{"line":5,"column":712}}],"line":5},"12":{"loc":{"start":{"line":5,"column":851},"end":{"line":5,"column":885}},"type":"binary-expr","locations":[{"start":{"line":5,"column":851},"end":{"line":5,"column":861}},{"start":{"line":5,"column":865},"end":{"line":5,"column":885}}],"line":5},"13":{"loc":{"start":{"line":5,"column":980},"end":{"line":5,"column":1098}},"type":"if","locations":[{"start":{"line":5,"column":980},"end":{"line":5,"column":1098}},{"start":{"line":5,"column":980},"end":{"line":5,"column":1098}}],"line":5},"14":{"loc":{"start":{"line":5,"column":996},"end":{"line":5,"column":1097}},"type":"cond-expr","locations":[{"start":{"line":5,"column":1020},"end":{"line":5,"column":1063}},{"start":{"line":5,"column":1066},"end":{"line":5,"column":1097}}],"line":5},"15":{"loc":{"start":{"line":7,"column":184},"end":{"line":7,"column":249}},"type":"binary-expr","locations":[{"start":{"line":7,"column":184},"end":{"line":7,"column":208}},{"start":{"line":7,"column":212},"end":{"line":7,"column":249}}],"line":7}},"s":{"0":1,"1":1,"2":1,"3":1,"4":1,"5":1,"6":1,"7":1,"8":1,"9":1,"10":1,"11":1,"12":1,"13":0,"14":1,"15":2,"16":1,"17":0,"18":1,"19":0,"20":1,"21":1,"22":0,"23":1,"24":1,"25":1,"26":1,"27":1,"28":1,"29":1,"30":1,"31":1,"32":1,"33":1},"f":{"0":1,"1":1,"2":1,"3":2,"4":1,"5":1,"6":1,"7":1,"8":1,"9":1},"b":{"0":[1,1],"1":[1,0],"2":[1,0],"3":[0,1],"4":[1,1],"5":[2,2],"6":[0,1],"7":[0,1],"8":[0,1],"9":[1,0,0],"10":[0,1],"11":[1,0],"12":[1,1],"13":[1,0],"14":[1,0],"15":[1,0]},"_coverageSchema":"332fd63041d2c1bcb487cc26dd0d5f7d97098a6c","hash":"b8d4dd31c96fd22687e4be16a4901b7a7548681a"}
,"C:\\Users\\Igor_Tsialiuk\\Desktop\\React\\booking\\src\\client\\navigations\\RootNavigation\\routes.js": {"path":"C:\\Users\\Igor_Tsialiuk\\Desktop\\React\\booking\\src\\client\\navigations\\RootNavigation\\routes.js","statementMap":{"0":{"start":{"line":1,"column":39},"end":{"line":1,"column":101}},"1":{"start":{"line":3,"column":13},"end":{"line":19,"column":90}}},"fnMap":{},"branchMap":{},"s":{"0":1,"1":1},"f":{},"b":{},"_coverageSchema":"332fd63041d2c1bcb487cc26dd0d5f7d97098a6c","hash":"4440eeec8aace0ea2141a7eb30a33a80ef958601"}
,"C:\\Users\\Igor_Tsialiuk\\Desktop\\React\\booking\\src\\client\\pages\\index.js": {"path":"C:\\Users\\Igor_Tsialiuk\\Desktop\\React\\booking\\src\\client\\pages\\index.js","statementMap":{"0":{"start":{"line":1,"column":39},"end":{"line":1,"column":101}},"1":{"start":{"line":1,"column":101},"end":{"line":1,"column":193}},"2":{"start":{"line":4,"column":184},"end":{"line":4,"column":238}},"3":{"start":{"line":4,"column":239},"end":{"line":6,"column":83}},"4":{"start":{"line":6,"column":83},"end":{"line":6,"column":176}},"5":{"start":{"line":6,"column":176},"end":{"line":6,"column":275}},"6":{"start":{"line":6,"column":275},"end":{"line":6,"column":368}}},"fnMap":{"0":{"name":"_interopRequireDefault","decl":{"start":{"line":4,"column":155},"end":{"line":4,"column":177}},"loc":{"start":{"line":4,"column":183},"end":{"line":4,"column":239}},"line":4}},"branchMap":{"0":{"loc":{"start":{"line":4,"column":191},"end":{"line":4,"column":237}},"type":"cond-expr","locations":[{"start":{"line":4,"column":215},"end":{"line":4,"column":218}},{"start":{"line":4,"column":221},"end":{"line":4,"column":237}}],"line":4},"1":{"loc":{"start":{"line":4,"column":191},"end":{"line":4,"column":212}},"type":"binary-expr","locations":[{"start":{"line":4,"column":191},"end":{"line":4,"column":194}},{"start":{"line":4,"column":198},"end":{"line":4,"column":212}}],"line":4}},"s":{"0":1,"1":1,"2":4,"3":1,"4":1,"5":1,"6":1},"f":{"0":4},"b":{"0":[4,0],"1":[4,4]},"_coverageSchema":"332fd63041d2c1bcb487cc26dd0d5f7d97098a6c","hash":"766ca07e0b373f074ff1e0c717a53c9b41250cc1"}
,"C:\\Users\\Igor_Tsialiuk\\Desktop\\React\\booking\\src\\client\\pages\\AboutPage\\AboutPage.js": {"path":"C:\\Users\\Igor_Tsialiuk\\Desktop\\React\\booking\\src\\client\\pages\\AboutPage\\AboutPage.js","statementMap":{"0":{"start":{"line":1,"column":39},"end":{"line":1,"column":101}},"1":{"start":{"line":1,"column":267},"end":{"line":1,"column":321}},"2":{"start":{"line":6,"column":4},"end":{"line":9,"column":3509}}},"fnMap":{"0":{"name":"_interopRequireDefault","decl":{"start":{"line":1,"column":238},"end":{"line":1,"column":260}},"loc":{"start":{"line":1,"column":266},"end":{"line":1,"column":322}},"line":1},"1":{"name":"AboutPage","decl":{"start":{"line":5,"column":9},"end":{"line":5,"column":18}},"loc":{"start":{"line":5,"column":21},"end":{"line":12,"column":1}},"line":5}},"branchMap":{"0":{"loc":{"start":{"line":1,"column":274},"end":{"line":1,"column":320}},"type":"cond-expr","locations":[{"start":{"line":1,"column":298},"end":{"line":1,"column":301}},{"start":{"line":1,"column":304},"end":{"line":1,"column":320}}],"line":1},"1":{"loc":{"start":{"line":1,"column":274},"end":{"line":1,"column":295}},"type":"binary-expr","locations":[{"start":{"line":1,"column":274},"end":{"line":1,"column":277}},{"start":{"line":1,"column":281},"end":{"line":1,"column":295}}],"line":1}},"s":{"0":2,"1":2,"2":1},"f":{"0":2,"1":1},"b":{"0":[0,2],"1":[2,2]},"_coverageSchema":"332fd63041d2c1bcb487cc26dd0d5f7d97098a6c","hash":"69afca50f036eb245bb127ec48294c6f05c0521f"}
,"C:\\Users\\Igor_Tsialiuk\\Desktop\\React\\booking\\src\\client\\pages\\AboutPage\\index.js": {"path":"C:\\Users\\Igor_Tsialiuk\\Desktop\\React\\booking\\src\\client\\pages\\AboutPage\\index.js","statementMap":{"0":{"start":{"line":1,"column":39},"end":{"line":1,"column":101}},"1":{"start":{"line":1,"column":285},"end":{"line":1,"column":339}},"2":{"start":{"line":1,"column":340},"end":{"line":3,"column":73}}},"fnMap":{"0":{"name":"_interopRequireDefault","decl":{"start":{"line":1,"column":256},"end":{"line":1,"column":278}},"loc":{"start":{"line":1,"column":284},"end":{"line":1,"column":340}},"line":1}},"branchMap":{"0":{"loc":{"start":{"line":1,"column":292},"end":{"line":1,"column":338}},"type":"cond-expr","locations":[{"start":{"line":1,"column":316},"end":{"line":1,"column":319}},{"start":{"line":1,"column":322},"end":{"line":1,"column":338}}],"line":1},"1":{"loc":{"start":{"line":1,"column":292},"end":{"line":1,"column":313}},"type":"binary-expr","locations":[{"start":{"line":1,"column":292},"end":{"line":1,"column":295}},{"start":{"line":1,"column":299},"end":{"line":1,"column":313}}],"line":1}},"s":{"0":1,"1":1,"2":1},"f":{"0":1},"b":{"0":[1,0],"1":[1,1]},"_coverageSchema":"332fd63041d2c1bcb487cc26dd0d5f7d97098a6c","hash":"8b87546cf6f6c2d79fa167176d2d907b6a4fcc16"}
,"C:\\Users\\Igor_Tsialiuk\\Desktop\\React\\booking\\src\\client\\pages\\HomePage\\HomePage.js": {"path":"C:\\Users\\Igor_Tsialiuk\\Desktop\\React\\booking\\src\\client\\pages\\HomePage\\HomePage.js","statementMap":{"0":{"start":{"line":1,"column":39},"end":{"line":1,"column":101}},"1":{"start":{"line":1,"column":101},"end":{"line":1,"column":130}},"2":{"start":{"line":14,"column":4},"end":{"line":24,"column":202}},"3":{"start":{"line":29,"column":0},"end":{"line":36,"column":103}},"4":{"start":{"line":39,"column":22},"end":{"line":45,"column":60}},"5":{"start":{"line":48,"column":23},"end":{"line":51,"column":13}}},"fnMap":{"0":{"name":"HomePage","decl":{"start":{"line":11,"column":9},"end":{"line":11,"column":17}},"loc":{"start":{"line":11,"column":25},"end":{"line":27,"column":1}},"line":11},"1":{"name":"mapStateToProps","decl":{"start":{"line":39,"column":31},"end":{"line":39,"column":46}},"loc":{"start":{"line":39,"column":80},"end":{"line":45,"column":60}},"line":39},"2":{"name":"mapActionToProps","decl":{"start":{"line":48,"column":32},"end":{"line":48,"column":48}},"loc":{"start":{"line":48,"column":85},"end":{"line":51,"column":13}},"line":48}},"branchMap":{},"s":{"0":2,"1":2,"2":1,"3":2,"4":2,"5":2},"f":{"0":1,"1":0,"2":0},"b":{},"_coverageSchema":"332fd63041d2c1bcb487cc26dd0d5f7d97098a6c","hash":"32fc6e33726dae4a7cd48cf8d80538744b87456a"}
,"C:\\Users\\Igor_Tsialiuk\\Desktop\\React\\booking\\src\\client\\pages\\HomePage\\index.js": {"path":"C:\\Users\\Igor_Tsialiuk\\Desktop\\React\\booking\\src\\client\\pages\\HomePage\\index.js","statementMap":{"0":{"start":{"line":1,"column":39},"end":{"line":1,"column":101}},"1":{"start":{"line":1,"column":281},"end":{"line":1,"column":335}},"2":{"start":{"line":1,"column":336},"end":{"line":3,"column":72}}},"fnMap":{"0":{"name":"_interopRequireDefault","decl":{"start":{"line":1,"column":252},"end":{"line":1,"column":274}},"loc":{"start":{"line":1,"column":280},"end":{"line":1,"column":336}},"line":1}},"branchMap":{"0":{"loc":{"start":{"line":1,"column":288},"end":{"line":1,"column":334}},"type":"cond-expr","locations":[{"start":{"line":1,"column":312},"end":{"line":1,"column":315}},{"start":{"line":1,"column":318},"end":{"line":1,"column":334}}],"line":1},"1":{"loc":{"start":{"line":1,"column":288},"end":{"line":1,"column":309}},"type":"binary-expr","locations":[{"start":{"line":1,"column":288},"end":{"line":1,"column":291}},{"start":{"line":1,"column":295},"end":{"line":1,"column":309}}],"line":1}},"s":{"0":1,"1":1,"2":1},"f":{"0":1},"b":{"0":[1,0],"1":[1,1]},"_coverageSchema":"332fd63041d2c1bcb487cc26dd0d5f7d97098a6c","hash":"3dfea54e382abdf9437179b4fe2b428dc77846d7"}
,"C:\\Users\\Igor_Tsialiuk\\Desktop\\React\\booking\\src\\client\\pages\\HomePage\\styles.css": {"path":"C:\\Users\\Igor_Tsialiuk\\Desktop\\React\\booking\\src\\client\\pages\\HomePage\\styles.css","statementMap":{},"fnMap":{},"branchMap":{},"s":{},"f":{},"b":{},"_coverageSchema":"332fd63041d2c1bcb487cc26dd0d5f7d97098a6c","hash":"583377f2ca69e3fbb3042fa9fd9073c216894879"}
,"C:\\Users\\Igor_Tsialiuk\\Desktop\\React\\booking\\src\\client\\pages\\HomePage\\components\\FilterPanel.js": {"path":"C:\\Users\\Igor_Tsialiuk\\Desktop\\React\\booking\\src\\client\\pages\\HomePage\\components\\FilterPanel.js","statementMap":{"0":{"start":{"line":1,"column":39},"end":{"line":1,"column":101}},"1":{"start":{"line":1,"column":120},"end":{"line":1,"column":649}},"2":{"start":{"line":1,"column":175},"end":{"line":1,"column":440}},"3":{"start":{"line":1,"column":232},"end":{"line":1,"column":240}},"4":{"start":{"line":1,"column":241},"end":{"line":1,"column":296}},"5":{"start":{"line":1,"column":296},"end":{"line":1,"column":327}},"6":{"start":{"line":1,"column":327},"end":{"line":1,"column":381}},"7":{"start":{"line":1,"column":354},"end":{"line":1,"column":381}},"8":{"start":{"line":1,"column":381},"end":{"line":1,"column":439}},"9":{"start":{"line":1,"column":441},"end":{"line":1,"column":646}},"10":{"start":{"line":1,"column":497},"end":{"line":1,"column":565}},"11":{"start":{"line":1,"column":513},"end":{"line":1,"column":565}},"12":{"start":{"line":1,"column":565},"end":{"line":1,"column":625}},"13":{"start":{"line":1,"column":582},"end":{"line":1,"column":625}},"14":{"start":{"line":1,"column":625},"end":{"line":1,"column":644}},"15":{"start":{"line":5,"column":175},"end":{"line":5,"column":229}},"16":{"start":{"line":5,"column":273},"end":{"line":5,"column":420}},"17":{"start":{"line":5,"column":290},"end":{"line":5,"column":394}},"18":{"start":{"line":5,"column":402},"end":{"line":5,"column":419}},"19":{"start":{"line":5,"column":420},"end":{"line":5,"column":431}},"20":{"start":{"line":5,"column":481},"end":{"line":5,"column":580}},"21":{"start":{"line":5,"column":522},"end":{"line":5,"column":579}},"22":{"start":{"line":5,"column":630},"end":{"line":5,"column":729}},"23":{"start":{"line":5,"column":642},"end":{"line":5,"column":728}},"24":{"start":{"line":5,"column":729},"end":{"line":5,"column":815}},"25":{"start":{"line":5,"column":858},"end":{"line":5,"column":1021}},"26":{"start":{"line":5,"column":920},"end":{"line":5,"column":1020}},"27":{"start":{"line":5,"column":1021},"end":{"line":5,"column":1185}},"28":{"start":{"line":5,"column":1185},"end":{"line":5,"column":1303}},"29":{"start":{"line":5,"column":1201},"end":{"line":5,"column":1303}},"30":{"start":{"line":7,"column":14},"end":{"line":76,"column":106}},"31":{"start":{"line":7,"column":37},"end":{"line":7,"column":72}},"32":{"start":{"line":7,"column":128},"end":{"line":7,"column":163}},"33":{"start":{"line":7,"column":163},"end":{"line":7,"column":279}},"34":{"start":{"line":7,"column":249},"end":{"line":7,"column":278}},"35":{"start":{"line":7,"column":279},"end":{"line":36,"column":59}},"36":{"start":{"line":22,"column":12},"end":{"line":22,"column":31}},"37":{"start":{"line":26,"column":12},"end":{"line":26,"column":69}},"38":{"start":{"line":30,"column":56},"end":{"line":30,"column":88}},"39":{"start":{"line":32,"column":12},"end":{"line":34,"column":13}},"40":{"start":{"line":33,"column":16},"end":{"line":33,"column":147}},"41":{"start":{"line":36,"column":60},"end":{"line":76,"column":14}},"42":{"start":{"line":36,"column":310},"end":{"line":36,"column":406}},"43":{"start":{"line":40,"column":12},"end":{"line":73,"column":224}},"44":{"start":{"line":76,"column":14},"end":{"line":76,"column":33}},"45":{"start":{"line":79,"column":0},"end":{"line":84,"column":93}}},"fnMap":{"0":{"name":"(anonymous_0)","decl":{"start":{"line":1,"column":120},"end":{"line":1,"column":121}},"loc":{"start":{"line":1,"column":132},"end":{"line":1,"column":647}},"line":1},"1":{"name":"defineProperties","decl":{"start":{"line":1,"column":142},"end":{"line":1,"column":158}},"loc":{"start":{"line":1,"column":174},"end":{"line":1,"column":441}},"line":1},"2":{"name":"(anonymous_2)","decl":{"start":{"line":1,"column":448},"end":{"line":1,"column":449}},"loc":{"start":{"line":1,"column":496},"end":{"line":1,"column":645}},"line":1},"3":{"name":"_interopRequireDefault","decl":{"start":{"line":5,"column":146},"end":{"line":5,"column":168}},"loc":{"start":{"line":5,"column":174},"end":{"line":5,"column":230}},"line":5},"4":{"name":"_defineProperty","decl":{"start":{"line":5,"column":239},"end":{"line":5,"column":254}},"loc":{"start":{"line":5,"column":272},"end":{"line":5,"column":432}},"line":5},"5":{"name":"_classCallCheck","decl":{"start":{"line":5,"column":441},"end":{"line":5,"column":456}},"loc":{"start":{"line":5,"column":480},"end":{"line":5,"column":581}},"line":5},"6":{"name":"_possibleConstructorReturn","decl":{"start":{"line":5,"column":590},"end":{"line":5,"column":616}},"loc":{"start":{"line":5,"column":629},"end":{"line":5,"column":816}},"line":5},"7":{"name":"_inherits","decl":{"start":{"line":5,"column":825},"end":{"line":5,"column":834}},"loc":{"start":{"line":5,"column":857},"end":{"line":5,"column":1304}},"line":5},"8":{"name":"(anonymous_8)","decl":{"start":{"line":7,"column":14},"end":{"line":7,"column":15}},"loc":{"start":{"line":7,"column":36},"end":{"line":76,"column":34}},"line":7},"9":{"name":"FilterPanel","decl":{"start":{"line":7,"column":81},"end":{"line":7,"column":92}},"loc":{"start":{"line":7,"column":95},"end":{"line":36,"column":60}},"line":7},"10":{"name":"(anonymous_10)","decl":{"start":{"line":21,"column":29},"end":{"line":21,"column":30}},"loc":{"start":{"line":21,"column":42},"end":{"line":27,"column":9}},"line":21},"11":{"name":"(anonymous_11)","decl":{"start":{"line":28,"column":19},"end":{"line":28,"column":20}},"loc":{"start":{"line":28,"column":32},"end":{"line":36,"column":9}},"line":28},"12":{"name":"componentWillMount","decl":{"start":{"line":36,"column":132},"end":{"line":36,"column":150}},"loc":{"start":{"line":36,"column":153},"end":{"line":36,"column":407}},"line":36},"13":{"name":"render","decl":{"start":{"line":36,"column":444},"end":{"line":36,"column":450}},"loc":{"start":{"line":37,"column":8},"end":{"line":76,"column":9}},"line":37}},"branchMap":{"0":{"loc":{"start":{"line":1,"column":265},"end":{"line":1,"column":295}},"type":"binary-expr","locations":[{"start":{"line":1,"column":265},"end":{"line":1,"column":286}},{"start":{"line":1,"column":290},"end":{"line":1,"column":295}}],"line":1},"1":{"loc":{"start":{"line":1,"column":327},"end":{"line":1,"column":381}},"type":"if","locations":[{"start":{"line":1,"column":327},"end":{"line":1,"column":381}},{"start":{"line":1,"column":327},"end":{"line":1,"column":381}}],"line":1},"2":{"loc":{"start":{"line":1,"column":497},"end":{"line":1,"column":565}},"type":"if","locations":[{"start":{"line":1,"column":497},"end":{"line":1,"column":565}},{"start":{"line":1,"column":497},"end":{"line":1,"column":565}}],"line":1},"3":{"loc":{"start":{"line":1,"column":565},"end":{"line":1,"column":625}},"type":"if","locations":[{"start":{"line":1,"column":565},"end":{"line":1,"column":625}},{"start":{"line":1,"column":565},"end":{"line":1,"column":625}}],"line":1},"4":{"loc":{"start":{"line":5,"column":182},"end":{"line":5,"column":228}},"type":"cond-expr","locations":[{"start":{"line":5,"column":206},"end":{"line":5,"column":209}},{"start":{"line":5,"column":212},"end":{"line":5,"column":228}}],"line":5},"5":{"loc":{"start":{"line":5,"column":182},"end":{"line":5,"column":203}},"type":"binary-expr","locations":[{"start":{"line":5,"column":182},"end":{"line":5,"column":185}},{"start":{"line":5,"column":189},"end":{"line":5,"column":203}}],"line":5},"6":{"loc":{"start":{"line":5,"column":273},"end":{"line":5,"column":420}},"type":"if","locations":[{"start":{"line":5,"column":273},"end":{"line":5,"column":420}},{"start":{"line":5,"column":273},"end":{"line":5,"column":420}}],"line":5},"7":{"loc":{"start":{"line":5,"column":481},"end":{"line":5,"column":580}},"type":"if","locations":[{"start":{"line":5,"column":481},"end":{"line":5,"column":580}},{"start":{"line":5,"column":481},"end":{"line":5,"column":580}}],"line":5},"8":{"loc":{"start":{"line":5,"column":630},"end":{"line":5,"column":729}},"type":"if","locations":[{"start":{"line":5,"column":630},"end":{"line":5,"column":729}},{"start":{"line":5,"column":630},"end":{"line":5,"column":729}}],"line":5},"9":{"loc":{"start":{"line":5,"column":736},"end":{"line":5,"column":814}},"type":"cond-expr","locations":[{"start":{"line":5,"column":803},"end":{"line":5,"column":807}},{"start":{"line":5,"column":810},"end":{"line":5,"column":814}}],"line":5},"10":{"loc":{"start":{"line":5,"column":736},"end":{"line":5,"column":800}},"type":"binary-expr","locations":[{"start":{"line":5,"column":736},"end":{"line":5,"column":740}},{"start":{"line":5,"column":745},"end":{"line":5,"column":769}},{"start":{"line":5,"column":773},"end":{"line":5,"column":799}}],"line":5},"11":{"loc":{"start":{"line":5,"column":858},"end":{"line":5,"column":1021}},"type":"if","locations":[{"start":{"line":5,"column":858},"end":{"line":5,"column":1021}},{"start":{"line":5,"column":858},"end":{"line":5,"column":1021}}],"line":5},"12":{"loc":{"start":{"line":5,"column":862},"end":{"line":5,"column":917}},"type":"binary-expr","locations":[{"start":{"line":5,"column":862},"end":{"line":5,"column":894}},{"start":{"line":5,"column":898},"end":{"line":5,"column":917}}],"line":5},"13":{"loc":{"start":{"line":5,"column":1056},"end":{"line":5,"column":1090}},"type":"binary-expr","locations":[{"start":{"line":5,"column":1056},"end":{"line":5,"column":1066}},{"start":{"line":5,"column":1070},"end":{"line":5,"column":1090}}],"line":5},"14":{"loc":{"start":{"line":5,"column":1185},"end":{"line":5,"column":1303}},"type":"if","locations":[{"start":{"line":5,"column":1185},"end":{"line":5,"column":1303}},{"start":{"line":5,"column":1185},"end":{"line":5,"column":1303}}],"line":5},"15":{"loc":{"start":{"line":5,"column":1201},"end":{"line":5,"column":1302}},"type":"cond-expr","locations":[{"start":{"line":5,"column":1225},"end":{"line":5,"column":1268}},{"start":{"line":5,"column":1271},"end":{"line":5,"column":1302}}],"line":5},"16":{"loc":{"start":{"line":7,"column":352},"end":{"line":7,"column":411}},"type":"binary-expr","locations":[{"start":{"line":7,"column":352},"end":{"line":7,"column":373}},{"start":{"line":7,"column":377},"end":{"line":7,"column":411}}],"line":7},"17":{"loc":{"start":{"line":32,"column":12},"end":{"line":34,"column":13}},"type":"if","locations":[{"start":{"line":32,"column":12},"end":{"line":34,"column":13}},{"start":{"line":32,"column":12},"end":{"line":34,"column":13}}],"line":32}},"s":{"0":3,"1":3,"2":3,"3":6,"4":6,"5":6,"6":6,"7":6,"8":6,"9":3,"10":3,"11":3,"12":3,"13":0,"14":3,"15":9,"16":1,"17":0,"18":1,"19":1,"20":1,"21":0,"22":2,"23":0,"24":2,"25":3,"26":0,"27":3,"28":3,"29":3,"30":3,"31":3,"32":1,"33":1,"34":3,"35":1,"36":1,"37":1,"38":1,"39":1,"40":1,"41":3,"42":1,"43":3,"44":3,"45":3},"f":{"0":3,"1":3,"2":3,"3":9,"4":1,"5":1,"6":2,"7":3,"8":3,"9":1,"10":1,"11":1,"12":1,"13":3},"b":{"0":[6,6],"1":[6,0],"2":[3,0],"3":[0,3],"4":[3,6],"5":[9,9],"6":[0,1],"7":[0,1],"8":[0,2],"9":[1,1],"10":[2,1,0],"11":[0,3],"12":[3,0],"13":[3,3],"14":[3,0],"15":[3,0],"16":[1,0],"17":[1,0]},"_coverageSchema":"332fd63041d2c1bcb487cc26dd0d5f7d97098a6c","hash":"30b43d3e5a3040198a5e180acca3b837758ed58e"}
,"C:\\Users\\Igor_Tsialiuk\\Desktop\\React\\booking\\src\\client\\pages\\HomePage\\components\\HotelItem.js": {"path":"C:\\Users\\Igor_Tsialiuk\\Desktop\\React\\booking\\src\\client\\pages\\HomePage\\components\\HotelItem.js","statementMap":{"0":{"start":{"line":1,"column":39},"end":{"line":1,"column":101}},"1":{"start":{"line":10,"column":4},"end":{"line":15,"column":183}},"2":{"start":{"line":21,"column":0},"end":{"line":24,"column":93}}},"fnMap":{"0":{"name":"HotelItem","decl":{"start":{"line":7,"column":9},"end":{"line":7,"column":18}},"loc":{"start":{"line":7,"column":26},"end":{"line":19,"column":1}},"line":7}},"branchMap":{},"s":{"0":4,"1":1,"2":4},"f":{"0":1},"b":{},"_coverageSchema":"332fd63041d2c1bcb487cc26dd0d5f7d97098a6c","hash":"71e8dc0631cb6cc38ea4fc6c3fb66b57d7d72c51"}
,"C:\\Users\\Igor_Tsialiuk\\Desktop\\React\\booking\\src\\client\\pages\\HomePage\\components\\ListHotels.js": {"path":"C:\\Users\\Igor_Tsialiuk\\Desktop\\React\\booking\\src\\client\\pages\\HomePage\\components\\ListHotels.js","statementMap":{"0":{"start":{"line":1,"column":39},"end":{"line":1,"column":101}},"1":{"start":{"line":1,"column":116},"end":{"line":1,"column":347}},"2":{"start":{"line":1,"column":152},"end":{"line":1,"column":332}},"3":{"start":{"line":1,"column":209},"end":{"line":1,"column":221}},"4":{"start":{"line":1,"column":222},"end":{"line":1,"column":331}},"5":{"start":{"line":1,"column":247},"end":{"line":1,"column":330}},"6":{"start":{"line":1,"column":303},"end":{"line":1,"column":329}},"7":{"start":{"line":1,"column":332},"end":{"line":1,"column":346}},"8":{"start":{"line":5,"column":184},"end":{"line":5,"column":238}},"9":{"start":{"line":10,"column":4},"end":{"line":15,"column":224}},"10":{"start":{"line":23,"column":0},"end":{"line":24,"column":265}}},"fnMap":{"0":{"name":"(anonymous_0)","decl":{"start":{"line":1,"column":133},"end":{"line":1,"column":134}},"loc":{"start":{"line":1,"column":151},"end":{"line":1,"column":347}},"line":1},"1":{"name":"_interopRequireDefault","decl":{"start":{"line":5,"column":155},"end":{"line":5,"column":177}},"loc":{"start":{"line":5,"column":183},"end":{"line":5,"column":239}},"line":5},"2":{"name":"ListHotels","decl":{"start":{"line":7,"column":9},"end":{"line":7,"column":19}},"loc":{"start":{"line":7,"column":27},"end":{"line":21,"column":1}},"line":7},"3":{"name":"(anonymous_3)","decl":{"start":{"line":14,"column":31},"end":{"line":14,"column":32}},"loc":{"start":{"line":14,"column":74},"end":{"line":15,"column":219}},"line":14}},"branchMap":{"0":{"loc":{"start":{"line":1,"column":116},"end":{"line":1,"column":347}},"type":"binary-expr","locations":[{"start":{"line":1,"column":116},"end":{"line":1,"column":129}},{"start":{"line":1,"column":133},"end":{"line":1,"column":347}}],"line":1},"1":{"loc":{"start":{"line":1,"column":247},"end":{"line":1,"column":330}},"type":"if","locations":[{"start":{"line":1,"column":247},"end":{"line":1,"column":330}},{"start":{"line":1,"column":247},"end":{"line":1,"column":330}}],"line":1},"2":{"loc":{"start":{"line":5,"column":191},"end":{"line":5,"column":237}},"type":"cond-expr","locations":[{"start":{"line":5,"column":215},"end":{"line":5,"column":218}},{"start":{"line":5,"column":221},"end":{"line":5,"column":237}}],"line":5},"3":{"loc":{"start":{"line":5,"column":191},"end":{"line":5,"column":212}},"type":"binary-expr","locations":[{"start":{"line":5,"column":191},"end":{"line":5,"column":194}},{"start":{"line":5,"column":198},"end":{"line":5,"column":212}}],"line":5}},"s":{"0":3,"1":3,"2":0,"3":0,"4":0,"5":0,"6":0,"7":0,"8":9,"9":1,"10":3},"f":{"0":0,"1":9,"2":1,"3":1},"b":{"0":[3,0],"1":[0,0],"2":[3,6],"3":[9,9]},"_coverageSchema":"332fd63041d2c1bcb487cc26dd0d5f7d97098a6c","hash":"957e1da0853a7b56854894b4eeb5513c23240968"}
,"C:\\Users\\Igor_Tsialiuk\\Desktop\\React\\booking\\src\\client\\pages\\HotelPage\\HotelPage.js": {"path":"C:\\Users\\Igor_Tsialiuk\\Desktop\\React\\booking\\src\\client\\pages\\HotelPage\\HotelPage.js","statementMap":{"0":{"start":{"line":1,"column":39},"end":{"line":1,"column":101}},"1":{"start":{"line":1,"column":101},"end":{"line":1,"column":131}},"2":{"start":{"line":1,"column":150},"end":{"line":1,"column":679}},"3":{"start":{"line":1,"column":205},"end":{"line":1,"column":470}},"4":{"start":{"line":1,"column":262},"end":{"line":1,"column":270}},"5":{"start":{"line":1,"column":271},"end":{"line":1,"column":326}},"6":{"start":{"line":1,"column":326},"end":{"line":1,"column":357}},"7":{"start":{"line":1,"column":357},"end":{"line":1,"column":411}},"8":{"start":{"line":1,"column":384},"end":{"line":1,"column":411}},"9":{"start":{"line":1,"column":411},"end":{"line":1,"column":469}},"10":{"start":{"line":1,"column":471},"end":{"line":1,"column":676}},"11":{"start":{"line":1,"column":527},"end":{"line":1,"column":595}},"12":{"start":{"line":1,"column":543},"end":{"line":1,"column":595}},"13":{"start":{"line":1,"column":595},"end":{"line":1,"column":655}},"14":{"start":{"line":1,"column":612},"end":{"line":1,"column":655}},"15":{"start":{"line":1,"column":655},"end":{"line":1,"column":674}},"16":{"start":{"line":8,"column":219},"end":{"line":8,"column":318}},"17":{"start":{"line":8,"column":260},"end":{"line":8,"column":317}},"18":{"start":{"line":8,"column":368},"end":{"line":8,"column":467}},"19":{"start":{"line":8,"column":380},"end":{"line":8,"column":466}},"20":{"start":{"line":8,"column":467},"end":{"line":8,"column":553}},"21":{"start":{"line":8,"column":596},"end":{"line":8,"column":759}},"22":{"start":{"line":8,"column":658},"end":{"line":8,"column":758}},"23":{"start":{"line":8,"column":759},"end":{"line":8,"column":923}},"24":{"start":{"line":8,"column":923},"end":{"line":8,"column":1041}},"25":{"start":{"line":8,"column":939},"end":{"line":8,"column":1041}},"26":{"start":{"line":10,"column":12},"end":{"line":30,"column":104}},"27":{"start":{"line":10,"column":35},"end":{"line":10,"column":68}},"28":{"start":{"line":10,"column":90},"end":{"line":10,"column":123}},"29":{"start":{"line":10,"column":123},"end":{"line":10,"column":245}},"30":{"start":{"line":10,"column":246},"end":{"line":30,"column":14}},"31":{"start":{"line":14,"column":12},"end":{"line":14,"column":40}},"32":{"start":{"line":19,"column":12},"end":{"line":27,"column":210}},"33":{"start":{"line":30,"column":14},"end":{"line":30,"column":31}},"34":{"start":{"line":33,"column":0},"end":{"line":40,"column":99}},"35":{"start":{"line":43,"column":0},"end":{"line":45,"column":2}},"36":{"start":{"line":44,"column":4},"end":{"line":44,"column":135}},"37":{"start":{"line":47,"column":22},"end":{"line":49,"column":60}},"38":{"start":{"line":52,"column":23},"end":{"line":55,"column":13}}},"fnMap":{"0":{"name":"(anonymous_0)","decl":{"start":{"line":1,"column":150},"end":{"line":1,"column":151}},"loc":{"start":{"line":1,"column":162},"end":{"line":1,"column":677}},"line":1},"1":{"name":"defineProperties","decl":{"start":{"line":1,"column":172},"end":{"line":1,"column":188}},"loc":{"start":{"line":1,"column":204},"end":{"line":1,"column":471}},"line":1},"2":{"name":"(anonymous_2)","decl":{"start":{"line":1,"column":478},"end":{"line":1,"column":479}},"loc":{"start":{"line":1,"column":526},"end":{"line":1,"column":675}},"line":1},"3":{"name":"_classCallCheck","decl":{"start":{"line":8,"column":179},"end":{"line":8,"column":194}},"loc":{"start":{"line":8,"column":218},"end":{"line":8,"column":319}},"line":8},"4":{"name":"_possibleConstructorReturn","decl":{"start":{"line":8,"column":328},"end":{"line":8,"column":354}},"loc":{"start":{"line":8,"column":367},"end":{"line":8,"column":554}},"line":8},"5":{"name":"_inherits","decl":{"start":{"line":8,"column":563},"end":{"line":8,"column":572}},"loc":{"start":{"line":8,"column":595},"end":{"line":8,"column":1042}},"line":8},"6":{"name":"(anonymous_6)","decl":{"start":{"line":10,"column":12},"end":{"line":10,"column":13}},"loc":{"start":{"line":10,"column":34},"end":{"line":30,"column":32}},"line":10},"7":{"name":"HotelPage","decl":{"start":{"line":10,"column":77},"end":{"line":10,"column":86}},"loc":{"start":{"line":10,"column":89},"end":{"line":10,"column":246}},"line":10},"8":{"name":"componentWillMount","decl":{"start":{"line":10,"column":316},"end":{"line":10,"column":334}},"loc":{"start":{"line":11,"column":8},"end":{"line":15,"column":9}},"line":11},"9":{"name":"render","decl":{"start":{"line":15,"column":46},"end":{"line":15,"column":52}},"loc":{"start":{"line":16,"column":8},"end":{"line":30,"column":9}},"line":16},"10":{"name":"(anonymous_10)","decl":{"start":{"line":43,"column":22},"end":{"line":43,"column":23}},"loc":{"start":{"line":43,"column":49},"end":{"line":45,"column":1}},"line":43},"11":{"name":"mapStateToProps","decl":{"start":{"line":47,"column":31},"end":{"line":47,"column":46}},"loc":{"start":{"line":47,"column":80},"end":{"line":49,"column":60}},"line":47},"12":{"name":"mapActionToProps","decl":{"start":{"line":52,"column":32},"end":{"line":52,"column":48}},"loc":{"start":{"line":52,"column":85},"end":{"line":55,"column":13}},"line":52}},"branchMap":{"0":{"loc":{"start":{"line":1,"column":295},"end":{"line":1,"column":325}},"type":"binary-expr","locations":[{"start":{"line":1,"column":295},"end":{"line":1,"column":316}},{"start":{"line":1,"column":320},"end":{"line":1,"column":325}}],"line":1},"1":{"loc":{"start":{"line":1,"column":357},"end":{"line":1,"column":411}},"type":"if","locations":[{"start":{"line":1,"column":357},"end":{"line":1,"column":411}},{"start":{"line":1,"column":357},"end":{"line":1,"column":411}}],"line":1},"2":{"loc":{"start":{"line":1,"column":527},"end":{"line":1,"column":595}},"type":"if","locations":[{"start":{"line":1,"column":527},"end":{"line":1,"column":595}},{"start":{"line":1,"column":527},"end":{"line":1,"column":595}}],"line":1},"3":{"loc":{"start":{"line":1,"column":595},"end":{"line":1,"column":655}},"type":"if","locations":[{"start":{"line":1,"column":595},"end":{"line":1,"column":655}},{"start":{"line":1,"column":595},"end":{"line":1,"column":655}}],"line":1},"4":{"loc":{"start":{"line":8,"column":219},"end":{"line":8,"column":318}},"type":"if","locations":[{"start":{"line":8,"column":219},"end":{"line":8,"column":318}},{"start":{"line":8,"column":219},"end":{"line":8,"column":318}}],"line":8},"5":{"loc":{"start":{"line":8,"column":368},"end":{"line":8,"column":467}},"type":"if","locations":[{"start":{"line":8,"column":368},"end":{"line":8,"column":467}},{"start":{"line":8,"column":368},"end":{"line":8,"column":467}}],"line":8},"6":{"loc":{"start":{"line":8,"column":474},"end":{"line":8,"column":552}},"type":"cond-expr","locations":[{"start":{"line":8,"column":541},"end":{"line":8,"column":545}},{"start":{"line":8,"column":548},"end":{"line":8,"column":552}}],"line":8},"7":{"loc":{"start":{"line":8,"column":474},"end":{"line":8,"column":538}},"type":"binary-expr","locations":[{"start":{"line":8,"column":474},"end":{"line":8,"column":478}},{"start":{"line":8,"column":483},"end":{"line":8,"column":507}},{"start":{"line":8,"column":511},"end":{"line":8,"column":537}}],"line":8},"8":{"loc":{"start":{"line":8,"column":596},"end":{"line":8,"column":759}},"type":"if","locations":[{"start":{"line":8,"column":596},"end":{"line":8,"column":759}},{"start":{"line":8,"column":596},"end":{"line":8,"column":759}}],"line":8},"9":{"loc":{"start":{"line":8,"column":600},"end":{"line":8,"column":655}},"type":"binary-expr","locations":[{"start":{"line":8,"column":600},"end":{"line":8,"column":632}},{"start":{"line":8,"column":636},"end":{"line":8,"column":655}}],"line":8},"10":{"loc":{"start":{"line":8,"column":794},"end":{"line":8,"column":828}},"type":"binary-expr","locations":[{"start":{"line":8,"column":794},"end":{"line":8,"column":804}},{"start":{"line":8,"column":808},"end":{"line":8,"column":828}}],"line":8},"11":{"loc":{"start":{"line":8,"column":923},"end":{"line":8,"column":1041}},"type":"if","locations":[{"start":{"line":8,"column":923},"end":{"line":8,"column":1041}},{"start":{"line":8,"column":923},"end":{"line":8,"column":1041}}],"line":8},"12":{"loc":{"start":{"line":8,"column":939},"end":{"line":8,"column":1040}},"type":"cond-expr","locations":[{"start":{"line":8,"column":963},"end":{"line":8,"column":1006}},{"start":{"line":8,"column":1009},"end":{"line":8,"column":1040}}],"line":8},"13":{"loc":{"start":{"line":10,"column":164},"end":{"line":10,"column":219}},"type":"binary-expr","locations":[{"start":{"line":10,"column":164},"end":{"line":10,"column":183}},{"start":{"line":10,"column":187},"end":{"line":10,"column":219}}],"line":10}},"s":{"0":2,"1":2,"2":2,"3":2,"4":4,"5":4,"6":4,"7":4,"8":4,"9":4,"10":2,"11":2,"12":2,"13":2,"14":0,"15":2,"16":1,"17":0,"18":1,"19":0,"20":1,"21":2,"22":0,"23":2,"24":2,"25":2,"26":2,"27":2,"28":1,"29":1,"30":2,"31":1,"32":1,"33":2,"34":2,"35":2,"36":0,"37":2,"38":2},"f":{"0":2,"1":2,"2":2,"3":1,"4":1,"5":2,"6":2,"7":1,"8":1,"9":1,"10":0,"11":0,"12":0},"b":{"0":[4,4],"1":[4,0],"2":[2,0],"3":[0,2],"4":[0,1],"5":[0,1],"6":[0,1],"7":[1,0,0],"8":[0,2],"9":[2,0],"10":[2,2],"11":[2,0],"12":[2,0],"13":[1,0]},"_coverageSchema":"332fd63041d2c1bcb487cc26dd0d5f7d97098a6c","hash":"86f481c7653e989f52211ce1548bb00abc5c4d55"}
,"C:\\Users\\Igor_Tsialiuk\\Desktop\\React\\booking\\src\\client\\pages\\HotelPage\\index.js": {"path":"C:\\Users\\Igor_Tsialiuk\\Desktop\\React\\booking\\src\\client\\pages\\HotelPage\\index.js","statementMap":{"0":{"start":{"line":1,"column":39},"end":{"line":1,"column":101}},"1":{"start":{"line":1,"column":285},"end":{"line":1,"column":339}},"2":{"start":{"line":1,"column":340},"end":{"line":3,"column":73}}},"fnMap":{"0":{"name":"_interopRequireDefault","decl":{"start":{"line":1,"column":256},"end":{"line":1,"column":278}},"loc":{"start":{"line":1,"column":284},"end":{"line":1,"column":340}},"line":1}},"branchMap":{"0":{"loc":{"start":{"line":1,"column":292},"end":{"line":1,"column":338}},"type":"cond-expr","locations":[{"start":{"line":1,"column":316},"end":{"line":1,"column":319}},{"start":{"line":1,"column":322},"end":{"line":1,"column":338}}],"line":1},"1":{"loc":{"start":{"line":1,"column":292},"end":{"line":1,"column":313}},"type":"binary-expr","locations":[{"start":{"line":1,"column":292},"end":{"line":1,"column":295}},{"start":{"line":1,"column":299},"end":{"line":1,"column":313}}],"line":1}},"s":{"0":1,"1":1,"2":1},"f":{"0":1},"b":{"0":[1,0],"1":[1,1]},"_coverageSchema":"332fd63041d2c1bcb487cc26dd0d5f7d97098a6c","hash":"71ebaba35d2855461348aa5d8802a3b1c750db45"}
,"C:\\Users\\Igor_Tsialiuk\\Desktop\\React\\booking\\src\\client\\pages\\HotelPage\\styles.css": {"path":"C:\\Users\\Igor_Tsialiuk\\Desktop\\React\\booking\\src\\client\\pages\\HotelPage\\styles.css","statementMap":{},"fnMap":{},"branchMap":{},"s":{},"f":{},"b":{},"_coverageSchema":"332fd63041d2c1bcb487cc26dd0d5f7d97098a6c","hash":"e65cac070db76b26d2553c821ce73487bcb31ab3"}
,"C:\\Users\\Igor_Tsialiuk\\Desktop\\React\\booking\\src\\client\\pages\\NotFoundPage\\NotFoundPage.js": {"path":"C:\\Users\\Igor_Tsialiuk\\Desktop\\React\\booking\\src\\client\\pages\\NotFoundPage\\NotFoundPage.js","statementMap":{"0":{"start":{"line":1,"column":39},"end":{"line":1,"column":101}},"1":{"start":{"line":1,"column":267},"end":{"line":1,"column":321}},"2":{"start":{"line":4,"column":4},"end":{"line":5,"column":174}}},"fnMap":{"0":{"name":"_interopRequireDefault","decl":{"start":{"line":1,"column":238},"end":{"line":1,"column":260}},"loc":{"start":{"line":1,"column":266},"end":{"line":1,"column":322}},"line":1},"1":{"name":"NotFoundPage","decl":{"start":{"line":3,"column":9},"end":{"line":3,"column":21}},"loc":{"start":{"line":3,"column":24},"end":{"line":7,"column":1}},"line":3}},"branchMap":{"0":{"loc":{"start":{"line":1,"column":274},"end":{"line":1,"column":320}},"type":"cond-expr","locations":[{"start":{"line":1,"column":298},"end":{"line":1,"column":301}},{"start":{"line":1,"column":304},"end":{"line":1,"column":320}}],"line":1},"1":{"loc":{"start":{"line":1,"column":274},"end":{"line":1,"column":295}},"type":"binary-expr","locations":[{"start":{"line":1,"column":274},"end":{"line":1,"column":277}},{"start":{"line":1,"column":281},"end":{"line":1,"column":295}}],"line":1}},"s":{"0":2,"1":2,"2":1},"f":{"0":2,"1":1},"b":{"0":[0,2],"1":[2,2]},"_coverageSchema":"332fd63041d2c1bcb487cc26dd0d5f7d97098a6c","hash":"b1a107b19f05bda6d8e09e71670855bf4527f9b8"}
,"C:\\Users\\Igor_Tsialiuk\\Desktop\\React\\booking\\src\\client\\pages\\NotFoundPage\\index.js": {"path":"C:\\Users\\Igor_Tsialiuk\\Desktop\\React\\booking\\src\\client\\pages\\NotFoundPage\\index.js","statementMap":{"0":{"start":{"line":1,"column":39},"end":{"line":1,"column":101}},"1":{"start":{"line":1,"column":297},"end":{"line":1,"column":351}},"2":{"start":{"line":1,"column":352},"end":{"line":3,"column":76}}},"fnMap":{"0":{"name":"_interopRequireDefault","decl":{"start":{"line":1,"column":268},"end":{"line":1,"column":290}},"loc":{"start":{"line":1,"column":296},"end":{"line":1,"column":352}},"line":1}},"branchMap":{"0":{"loc":{"start":{"line":1,"column":304},"end":{"line":1,"column":350}},"type":"cond-expr","locations":[{"start":{"line":1,"column":328},"end":{"line":1,"column":331}},{"start":{"line":1,"column":334},"end":{"line":1,"column":350}}],"line":1},"1":{"loc":{"start":{"line":1,"column":304},"end":{"line":1,"column":325}},"type":"binary-expr","locations":[{"start":{"line":1,"column":304},"end":{"line":1,"column":307}},{"start":{"line":1,"column":311},"end":{"line":1,"column":325}}],"line":1}},"s":{"0":1,"1":1,"2":1},"f":{"0":1},"b":{"0":[1,0],"1":[1,1]},"_coverageSchema":"332fd63041d2c1bcb487cc26dd0d5f7d97098a6c","hash":"fca9c765872b3d1478f646dd583452ff243f64b8"}
,"C:\\Users\\Igor_Tsialiuk\\Desktop\\React\\booking\\src\\client\\reducers\\commonReducer.js": {"path":"C:\\Users\\Igor_Tsialiuk\\Desktop\\React\\booking\\src\\client\\reducers\\commonReducer.js","statementMap":{"0":{"start":{"line":1,"column":39},"end":{"line":1,"column":101}},"1":{"start":{"line":1,"column":116},"end":{"line":1,"column":347}},"2":{"start":{"line":1,"column":152},"end":{"line":1,"column":332}},"3":{"start":{"line":1,"column":209},"end":{"line":1,"column":221}},"4":{"start":{"line":1,"column":222},"end":{"line":1,"column":331}},"5":{"start":{"line":1,"column":247},"end":{"line":1,"column":330}},"6":{"start":{"line":1,"column":303},"end":{"line":1,"column":329}},"7":{"start":{"line":1,"column":332},"end":{"line":1,"column":346}},"8":{"start":{"line":3,"column":19},"end":{"line":4,"column":26}},"9":{"start":{"line":7,"column":20},"end":{"line":18,"column":1}},"10":{"start":{"line":8,"column":4},"end":{"line":16,"column":14}},"11":{"start":{"line":12,"column":16},"end":{"line":12,"column":105}},"12":{"start":{"line":15,"column":16},"end":{"line":15,"column":29}}},"fnMap":{"0":{"name":"(anonymous_0)","decl":{"start":{"line":1,"column":133},"end":{"line":1,"column":134}},"loc":{"start":{"line":1,"column":151},"end":{"line":1,"column":347}},"line":1},"1":{"name":"commonReducer","decl":{"start":{"line":7,"column":29},"end":{"line":7,"column":42}},"loc":{"start":{"line":7,"column":45},"end":{"line":18,"column":1}},"line":7}},"branchMap":{"0":{"loc":{"start":{"line":1,"column":116},"end":{"line":1,"column":347}},"type":"binary-expr","locations":[{"start":{"line":1,"column":116},"end":{"line":1,"column":129}},{"start":{"line":1,"column":133},"end":{"line":1,"column":347}}],"line":1},"1":{"loc":{"start":{"line":1,"column":247},"end":{"line":1,"column":330}},"type":"if","locations":[{"start":{"line":1,"column":247},"end":{"line":1,"column":330}},{"start":{"line":1,"column":247},"end":{"line":1,"column":330}}],"line":1},"2":{"loc":{"start":{"line":8,"column":4},"end":{"line":16,"column":14}},"type":"switch","locations":[{"start":{"line":9,"column":8},"end":{"line":13,"column":13}},{"start":{"line":14,"column":8},"end":{"line":16,"column":13}}],"line":8}},"s":{"0":1,"1":1,"2":0,"3":0,"4":0,"5":0,"6":0,"7":0,"8":1,"9":1,"10":2,"11":1,"12":1},"f":{"0":0,"1":2},"b":{"0":[1,0],"1":[0,0],"2":[1,1]},"_coverageSchema":"332fd63041d2c1bcb487cc26dd0d5f7d97098a6c","hash":"fa9e576ad99c6b382334212d04a08c0143e42b0e"}
,"C:\\Users\\Igor_Tsialiuk\\Desktop\\React\\booking\\src\\client\\reducers\\hotelsReducer.js": {"path":"C:\\Users\\Igor_Tsialiuk\\Desktop\\React\\booking\\src\\client\\reducers\\hotelsReducer.js","statementMap":{"0":{"start":{"line":1,"column":39},"end":{"line":1,"column":101}},"1":{"start":{"line":1,"column":116},"end":{"line":1,"column":347}},"2":{"start":{"line":1,"column":152},"end":{"line":1,"column":332}},"3":{"start":{"line":1,"column":209},"end":{"line":1,"column":221}},"4":{"start":{"line":1,"column":222},"end":{"line":1,"column":331}},"5":{"start":{"line":1,"column":247},"end":{"line":1,"column":330}},"6":{"start":{"line":1,"column":303},"end":{"line":1,"column":329}},"7":{"start":{"line":1,"column":332},"end":{"line":1,"column":346}},"8":{"start":{"line":3,"column":169},"end":{"line":3,"column":223}},"9":{"start":{"line":5,"column":19},"end":{"line":11,"column":26}},"10":{"start":{"line":14,"column":20},"end":{"line":35,"column":1}},"11":{"start":{"line":15,"column":4},"end":{"line":33,"column":14}},"12":{"start":{"line":19,"column":16},"end":{"line":19,"column":99}},"13":{"start":{"line":24,"column":16},"end":{"line":24,"column":159}},"14":{"start":{"line":29,"column":16},"end":{"line":29,"column":153}},"15":{"start":{"line":32,"column":16},"end":{"line":32,"column":29}}},"fnMap":{"0":{"name":"(anonymous_0)","decl":{"start":{"line":1,"column":133},"end":{"line":1,"column":134}},"loc":{"start":{"line":1,"column":151},"end":{"line":1,"column":347}},"line":1},"1":{"name":"_interopRequireDefault","decl":{"start":{"line":3,"column":140},"end":{"line":3,"column":162}},"loc":{"start":{"line":3,"column":168},"end":{"line":3,"column":224}},"line":3},"2":{"name":"hotelsReducer","decl":{"start":{"line":14,"column":29},"end":{"line":14,"column":42}},"loc":{"start":{"line":14,"column":45},"end":{"line":35,"column":1}},"line":14}},"branchMap":{"0":{"loc":{"start":{"line":1,"column":116},"end":{"line":1,"column":347}},"type":"binary-expr","locations":[{"start":{"line":1,"column":116},"end":{"line":1,"column":129}},{"start":{"line":1,"column":133},"end":{"line":1,"column":347}}],"line":1},"1":{"loc":{"start":{"line":1,"column":247},"end":{"line":1,"column":330}},"type":"if","locations":[{"start":{"line":1,"column":247},"end":{"line":1,"column":330}},{"start":{"line":1,"column":247},"end":{"line":1,"column":330}}],"line":1},"2":{"loc":{"start":{"line":3,"column":176},"end":{"line":3,"column":222}},"type":"cond-expr","locations":[{"start":{"line":3,"column":200},"end":{"line":3,"column":203}},{"start":{"line":3,"column":206},"end":{"line":3,"column":222}}],"line":3},"3":{"loc":{"start":{"line":3,"column":176},"end":{"line":3,"column":197}},"type":"binary-expr","locations":[{"start":{"line":3,"column":176},"end":{"line":3,"column":179}},{"start":{"line":3,"column":183},"end":{"line":3,"column":197}}],"line":3},"4":{"loc":{"start":{"line":15,"column":4},"end":{"line":33,"column":14}},"type":"switch","locations":[{"start":{"line":16,"column":8},"end":{"line":20,"column":13}},{"start":{"line":21,"column":8},"end":{"line":25,"column":13}},{"start":{"line":26,"column":8},"end":{"line":30,"column":13}},{"start":{"line":31,"column":8},"end":{"line":33,"column":13}}],"line":15}},"s":{"0":1,"1":1,"2":0,"3":0,"4":0,"5":0,"6":0,"7":0,"8":1,"9":1,"10":1,"11":4,"12":1,"13":1,"14":1,"15":1},"f":{"0":0,"1":1,"2":4},"b":{"0":[1,0],"1":[0,0],"2":[1,0],"3":[1,1],"4":[1,1,1,1]},"_coverageSchema":"332fd63041d2c1bcb487cc26dd0d5f7d97098a6c","hash":"5c7cd0e510eb14504505d7e86f6fff64052d36b8"}
,"C:\\Users\\Igor_Tsialiuk\\Desktop\\React\\booking\\src\\client\\utils\\helperFunctions.js": {"path":"C:\\Users\\Igor_Tsialiuk\\Desktop\\React\\booking\\src\\client\\utils\\helperFunctions.js","statementMap":{"0":{"start":{"line":1,"column":39},"end":{"line":1,"column":101}},"1":{"start":{"line":2,"column":4},"end":{"line":4,"column":5}},"2":{"start":{"line":3,"column":8},"end":{"line":3,"column":41}},"3":{"start":{"line":5,"column":4},"end":{"line":5,"column":20}},"4":{"start":{"line":9,"column":4},"end":{"line":9,"column":76}},"5":{"start":{"line":13,"column":15},"end":{"line":13,"column":33}},"6":{"start":{"line":14,"column":16},"end":{"line":14,"column":35}},"7":{"start":{"line":15,"column":14},"end":{"line":15,"column":38}},"8":{"start":{"line":17,"column":4},"end":{"line":19,"column":5}},"9":{"start":{"line":18,"column":8},"end":{"line":18,"column":50}},"10":{"start":{"line":20,"column":4},"end":{"line":22,"column":5}},"11":{"start":{"line":21,"column":8},"end":{"line":21,"column":54}},"12":{"start":{"line":23,"column":4},"end":{"line":23,"column":70}}},"fnMap":{"0":{"name":"checkStatusError","decl":{"start":{"line":1,"column":110},"end":{"line":1,"column":126}},"loc":{"start":{"line":1,"column":137},"end":{"line":6,"column":1}},"line":1},"1":{"name":"checkType","decl":{"start":{"line":8,"column":9},"end":{"line":8,"column":18}},"loc":{"start":{"line":8,"column":26},"end":{"line":10,"column":1}},"line":8},"2":{"name":"changeFormatDate","decl":{"start":{"line":12,"column":9},"end":{"line":12,"column":25}},"loc":{"start":{"line":12,"column":32},"end":{"line":24,"column":1}},"line":12}},"branchMap":{"0":{"loc":{"start":{"line":2,"column":4},"end":{"line":4,"column":5}},"type":"if","locations":[{"start":{"line":2,"column":4},"end":{"line":4,"column":5}},{"start":{"line":2,"column":4},"end":{"line":4,"column":5}}],"line":2},"1":{"loc":{"start":{"line":17,"column":4},"end":{"line":19,"column":5}},"type":"if","locations":[{"start":{"line":17,"column":4},"end":{"line":19,"column":5}},{"start":{"line":17,"column":4},"end":{"line":19,"column":5}}],"line":17},"2":{"loc":{"start":{"line":20,"column":4},"end":{"line":22,"column":5}},"type":"if","locations":[{"start":{"line":20,"column":4},"end":{"line":22,"column":5}},{"start":{"line":20,"column":4},"end":{"line":22,"column":5}}],"line":20}},"s":{"0":7,"1":2,"2":1,"3":1,"4":6,"5":12,"6":12,"7":12,"8":12,"9":10,"10":12,"11":10,"12":12},"f":{"0":2,"1":6,"2":12},"b":{"0":[1,1],"1":[10,2],"2":[10,2]},"_coverageSchema":"332fd63041d2c1bcb487cc26dd0d5f7d97098a6c","hash":"4ee9ece22f94704c14649c5e088d370531c57455"}
,"C:\\Users\\Igor_Tsialiuk\\Desktop\\React\\booking\\src\\client\\utils\\index.js": {"path":"C:\\Users\\Igor_Tsialiuk\\Desktop\\React\\booking\\src\\client\\utils\\index.js","statementMap":{"0":{"start":{"line":1,"column":39},"end":{"line":1,"column":101}},"1":{"start":{"line":1,"column":553},"end":{"line":3,"column":16}}},"fnMap":{},"branchMap":{},"s":{"0":6,"1":6},"f":{},"b":{},"_coverageSchema":"332fd63041d2c1bcb487cc26dd0d5f7d97098a6c","hash":"ec001bf3d8fcd431ba3f9662f43ca3e12f38a191"}
}
