TN:
SF:C:\Users\Igor_Tsialiuk\Desktop\React\booking\enzyme.config.js
FN:2,_interopRequireDefault
FNF:1
FNH:1
FNDA:38,_interopRequireDefault
DA:2,38
LF:1
LH:1
BRDA:2,0,0,0
BRDA:2,0,1,38
BRDA:2,1,0,38
BRDA:2,1,1,38
BRF:4
BRH:3
end_of_record
TN:
SF:C:\Users\Igor_Tsialiuk\Desktop\React\booking\src\client\actions\commonActions.js
FN:3,setBusyIndicator
FNF:1
FNH:1
FNDA:5,setBusyIndicator
DA:1,6
DA:4,5
LF:2
LH:2
BRF:0
BRH:0
end_of_record
TN:
SF:C:\Users\Igor_Tsialiuk\Desktop\React\booking\src\client\actions\hotelsActions.js
FN:3,_interopRequireDefault
FN:6,changeFilterNames
FN:15,receivedListHotels
FN:20,getListHotels
FN:41,receivedHotelInformation
FN:46,getHotelInformation
FNF:6
FNH:6
FNDA:5,_interopRequireDefault
FNDA:3,changeFilterNames
FNDA:1,receivedListHotels
FNDA:1,getListHotels
FNDA:1,receivedHotelInformation
FNDA:1,getHotelInformation
DA:1,5
DA:3,5
DA:7,3
DA:16,1
DA:20,5
DA:42,1
DA:46,5
LF:7
LH:7
BRDA:3,0,0,5
BRDA:3,0,1,0
BRDA:3,1,0,5
BRDA:3,1,1,5
BRF:4
BRH:3
end_of_record
TN:
SF:C:\Users\Igor_Tsialiuk\Desktop\React\booking\src\client\actions\index.js
FNF:0
FNH:0
DA:1,4
DA:2,4
LF:2
LH:2
BRF:0
BRH:0
end_of_record
TN:
SF:C:\Users\Igor_Tsialiuk\Desktop\React\booking\src\client\components\index.js
FN:6,_interopRequireDefault
FNF:1
FNH:1
FNDA:24,_interopRequireDefault
DA:1,4
DA:6,24
DA:8,4
LF:3
LH:3
BRDA:6,0,0,24
BRDA:6,0,1,0
BRDA:6,1,0,24
BRDA:6,1,1,24
BRF:4
BRH:3
end_of_record
TN:
SF:C:\Users\Igor_Tsialiuk\Desktop\React\booking\src\client\components\BusyIndicator\BusyIndicator.js
FN:6,BusyIndicator
FNF:1
FNH:1
FNDA:2,BusyIndicator
DA:1,5
DA:7,2
DA:9,2
DA:14,5
LF:4
LH:4
BRDA:7,0,0,1
BRDA:7,0,1,1
BRF:2
BRH:2
end_of_record
TN:
SF:C:\Users\Igor_Tsialiuk\Desktop\React\booking\src\client\components\BusyIndicator\index.js
FN:1,_interopRequireDefault
FNF:1
FNH:1
FNDA:4,_interopRequireDefault
DA:1,4
LF:1
LH:1
BRDA:1,0,0,4
BRDA:1,0,1,0
BRDA:1,1,0,4
BRDA:1,1,1,4
BRF:4
BRH:3
end_of_record
TN:
SF:C:\Users\Igor_Tsialiuk\Desktop\React\booking\src\client\components\BusyIndicator\styles.css
FNF:0
FNH:0
LF:0
LH:0
BRF:0
BRH:0
end_of_record
TN:
SF:C:\Users\Igor_Tsialiuk\Desktop\React\booking\src\client\components\Carousel\Carousel.js
FN:8,Carousel
FN:15,(anonymous_1)
FNF:2
FNH:2
FNDA:2,Carousel
FNDA:6,(anonymous_1)
DA:1,5
DA:10,2
DA:12,2
DA:16,6
DA:18,6
DA:27,5
LF:6
LH:6
BRF:0
BRH:0
end_of_record
TN:
SF:C:\Users\Igor_Tsialiuk\Desktop\React\booking\src\client\components\Carousel\index.js
FN:1,_interopRequireDefault
FNF:1
FNH:1
FNDA:4,_interopRequireDefault
DA:1,4
LF:1
LH:1
BRDA:1,0,0,4
BRDA:1,0,1,0
BRDA:1,1,0,4
BRDA:1,1,1,4
BRF:4
BRH:3
end_of_record
TN:
SF:C:\Users\Igor_Tsialiuk\Desktop\React\booking\src\client\components\Carousel\styles.css
FNF:0
FNH:0
LF:0
LH:0
BRF:0
BRH:0
end_of_record
TN:
SF:C:\Users\Igor_Tsialiuk\Desktop\React\booking\src\client\components\Field\Field.js
FN:2,_interopRequireDefault
FN:4,Field
FNF:2
FNH:2
FNDA:10,_interopRequireDefault
FNDA:1,Field
DA:1,5
DA:2,10
DA:5,1
DA:10,5
LF:4
LH:4
BRDA:2,0,0,0
BRDA:2,0,1,10
BRDA:2,1,0,10
BRDA:2,1,1,10
BRF:4
BRH:3
end_of_record
TN:
SF:C:\Users\Igor_Tsialiuk\Desktop\React\booking\src\client\components\Field\index.js
FN:1,_interopRequireDefault
FNF:1
FNH:1
FNDA:4,_interopRequireDefault
DA:1,4
LF:1
LH:1
BRDA:1,0,0,4
BRDA:1,0,1,0
BRDA:1,1,0,4
BRDA:1,1,1,4
BRF:4
BRH:3
end_of_record
TN:
SF:C:\Users\Igor_Tsialiuk\Desktop\React\booking\src\client\components\Footer\Footer.js
FN:5,Footer
FNF:1
FNH:1
FNDA:1,Footer
DA:1,5
DA:6,1
LF:2
LH:2
BRF:0
BRH:0
end_of_record
TN:
SF:C:\Users\Igor_Tsialiuk\Desktop\React\booking\src\client\components\Footer\index.js
FN:1,_interopRequireDefault
FNF:1
FNH:1
FNDA:4,_interopRequireDefault
DA:1,4
LF:1
LH:1
BRDA:1,0,0,4
BRDA:1,0,1,0
BRDA:1,1,0,4
BRDA:1,1,1,4
BRF:4
BRH:3
end_of_record
TN:
SF:C:\Users\Igor_Tsialiuk\Desktop\React\booking\src\client\components\Footer\styles.css
FNF:0
FNH:0
LF:0
LH:0
BRF:0
BRH:0
end_of_record
TN:
SF:C:\Users\Igor_Tsialiuk\Desktop\React\booking\src\client\components\Header\Header.js
FN:6,Header
FNF:1
FNH:1
FNDA:1,Header
DA:1,5
DA:7,1
LF:2
LH:2
BRF:0
BRH:0
end_of_record
TN:
SF:C:\Users\Igor_Tsialiuk\Desktop\React\booking\src\client\components\Header\index.js
FN:1,_interopRequireDefault
FNF:1
FNH:1
FNDA:4,_interopRequireDefault
DA:1,4
LF:1
LH:1
BRDA:1,0,0,4
BRDA:1,0,1,0
BRDA:1,1,0,4
BRDA:1,1,1,4
BRF:4
BRH:3
end_of_record
TN:
SF:C:\Users\Igor_Tsialiuk\Desktop\React\booking\src\client\components\Header\styles.css
FNF:0
FNH:0
LF:0
LH:0
BRF:0
BRH:0
end_of_record
TN:
SF:C:\Users\Igor_Tsialiuk\Desktop\React\booking\src\client\components\MapContainer\MapContainer.js
FN:7,MapContainer
FNF:1
FNH:0
FNDA:0,MapContainer
DA:1,5
DA:10,0
DA:21,5
LF:3
LH:2
BRF:0
BRH:0
end_of_record
TN:
SF:C:\Users\Igor_Tsialiuk\Desktop\React\booking\src\client\components\MapContainer\index.js
FN:1,_interopRequireDefault
FNF:1
FNH:1
FNDA:4,_interopRequireDefault
DA:1,4
LF:1
LH:1
BRDA:1,0,0,4
BRDA:1,0,1,0
BRDA:1,1,0,4
BRDA:1,1,1,4
BRF:4
BRH:3
end_of_record
TN:
SF:C:\Users\Igor_Tsialiuk\Desktop\React\booking\src\client\constants\commonConstants.js
FNF:0
FNH:0
DA:1,12
LF:1
LH:1
BRF:0
BRH:0
end_of_record
TN:
SF:C:\Users\Igor_Tsialiuk\Desktop\React\booking\src\client\constants\hotelsConstants.js
FNF:0
FNH:0
DA:1,12
DA:2,12
DA:3,12
DA:4,12
DA:5,12
DA:6,12
LF:6
LH:6
BRF:0
BRH:0
end_of_record
TN:
SF:C:\Users\Igor_Tsialiuk\Desktop\React\booking\src\client\constants\index.js
FNF:0
FNH:0
DA:1,12
DA:2,12
LF:2
LH:2
BRF:0
BRH:0
end_of_record
TN:
SF:C:\Users\Igor_Tsialiuk\Desktop\React\booking\src\client\navigations\RootNavigation\RootNavigation.js
FN:1,(anonymous_0)
FN:1,defineProperties
FN:1,(anonymous_2)
FN:5,_interopRequireDefault
FN:5,_classCallCheck
FN:5,_possibleConstructorReturn
FN:5,_inherits
FN:7,(anonymous_7)
FN:7,RootNavigation
FN:7,render
FNF:10
FNH:10
FNDA:1,(anonymous_0)
FNDA:1,defineProperties
FNDA:1,(anonymous_2)
FNDA:2,_interopRequireDefault
FNDA:1,_classCallCheck
FNDA:1,_possibleConstructorReturn
FNDA:1,_inherits
FNDA:1,(anonymous_7)
FNDA:1,RootNavigation
FNDA:1,render
DA:1,1
DA:5,2
DA:7,1
DA:9,1
DA:16,1
LF:5
LH:5
BRDA:1,0,0,1
BRDA:1,0,1,1
BRDA:1,1,0,1
BRDA:1,1,1,0
BRDA:1,2,0,1
BRDA:1,2,1,0
BRDA:1,3,0,0
BRDA:1,3,1,1
BRDA:5,4,0,1
BRDA:5,4,1,1
BRDA:5,5,0,2
BRDA:5,5,1,2
BRDA:5,6,0,0
BRDA:5,6,1,1
BRDA:5,7,0,0
BRDA:5,7,1,1
BRDA:5,8,0,0
BRDA:5,8,1,1
BRDA:5,9,0,1
BRDA:5,9,1,0
BRDA:5,9,2,0
BRDA:5,10,0,0
BRDA:5,10,1,1
BRDA:5,11,0,1
BRDA:5,11,1,0
BRDA:5,12,0,1
BRDA:5,12,1,1
BRDA:5,13,0,1
BRDA:5,13,1,0
BRDA:5,14,0,1
BRDA:5,14,1,0
BRDA:7,15,0,1
BRDA:7,15,1,0
BRF:33
BRH:20
end_of_record
TN:
SF:C:\Users\Igor_Tsialiuk\Desktop\React\booking\src\client\navigations\RootNavigation\routes.js
FNF:0
FNH:0
DA:1,1
DA:3,1
LF:2
LH:2
BRF:0
BRH:0
end_of_record
TN:
SF:C:\Users\Igor_Tsialiuk\Desktop\React\booking\src\client\pages\index.js
FN:4,_interopRequireDefault
FNF:1
FNH:1
FNDA:4,_interopRequireDefault
DA:1,1
DA:4,4
DA:6,1
LF:3
LH:3
BRDA:4,0,0,4
BRDA:4,0,1,0
BRDA:4,1,0,4
BRDA:4,1,1,4
BRF:4
BRH:3
end_of_record
TN:
SF:C:\Users\Igor_Tsialiuk\Desktop\React\booking\src\client\pages\AboutPage\AboutPage.js
FN:5,AboutPage
FNF:1
FNH:1
FNDA:1,AboutPage
DA:1,2
DA:6,1
LF:2
LH:2
BRF:0
BRH:0
end_of_record
TN:
SF:C:\Users\Igor_Tsialiuk\Desktop\React\booking\src\client\pages\AboutPage\index.js
FN:1,_interopRequireDefault
FNF:1
FNH:1
FNDA:1,_interopRequireDefault
DA:1,1
LF:1
LH:1
BRDA:1,0,0,1
BRDA:1,0,1,0
BRDA:1,1,0,1
BRDA:1,1,1,1
BRF:4
BRH:3
end_of_record
TN:
SF:C:\Users\Igor_Tsialiuk\Desktop\React\booking\src\client\pages\AboutPage\styles.css
FNF:0
FNH:0
LF:0
LH:0
BRF:0
BRH:0
end_of_record
TN:
SF:C:\Users\Igor_Tsialiuk\Desktop\React\booking\src\client\pages\HomePage\HomePage.js
FN:11,HomePage
FN:41,mapStateToProps
FN:50,mapActionToProps
FNF:3
FNH:1
FNDA:1,HomePage
FNDA:0,mapStateToProps
FNDA:0,mapActionToProps
DA:1,2
DA:16,1
DA:31,2
DA:41,2
DA:50,2
LF:5
LH:5
BRF:0
BRH:0
end_of_record
TN:
SF:C:\Users\Igor_Tsialiuk\Desktop\React\booking\src\client\pages\HomePage\index.js
FN:1,_interopRequireDefault
FNF:1
FNH:1
FNDA:1,_interopRequireDefault
DA:1,1
LF:1
LH:1
BRDA:1,0,0,1
BRDA:1,0,1,0
BRDA:1,1,0,1
BRDA:1,1,1,1
BRF:4
BRH:3
end_of_record
TN:
SF:C:\Users\Igor_Tsialiuk\Desktop\React\booking\src\client\pages\HomePage\styles.css
FNF:0
FNH:0
LF:0
LH:0
BRF:0
BRH:0
end_of_record
TN:
SF:C:\Users\Igor_Tsialiuk\Desktop\React\booking\src\client\pages\HomePage\components\FilterPanel.js
FN:1,(anonymous_0)
FN:1,defineProperties
FN:1,(anonymous_2)
FN:5,_interopRequireDefault
FN:5,_defineProperty
FN:5,_classCallCheck
FN:5,_possibleConstructorReturn
FN:5,_inherits
FN:7,(anonymous_8)
FN:7,FilterPanel
FN:25,(anonymous_10)
FN:34,(anonymous_11)
FN:42,componentWillMount
FN:42,render
FNF:14
FNH:14
FNDA:3,(anonymous_0)
FNDA:3,defineProperties
FNDA:3,(anonymous_2)
FNDA:9,_interopRequireDefault
FNDA:1,_defineProperty
FNDA:1,_classCallCheck
FNDA:2,_possibleConstructorReturn
FNDA:3,_inherits
FNDA:3,(anonymous_8)
FNDA:1,FilterPanel
FNDA:1,(anonymous_10)
FNDA:1,(anonymous_11)
FNDA:1,componentWillMount
FNDA:3,render
DA:1,6
DA:5,9
DA:7,3
DA:26,1
DA:32,1
DA:36,1
DA:38,1
DA:39,1
DA:42,3
DA:48,3
DA:84,3
DA:87,3
LF:12
LH:12
BRDA:1,0,0,6
BRDA:1,0,1,6
BRDA:1,1,0,6
BRDA:1,1,1,0
BRDA:1,2,0,3
BRDA:1,2,1,0
BRDA:1,3,0,0
BRDA:1,3,1,3
BRDA:5,4,0,3
BRDA:5,4,1,6
BRDA:5,5,0,9
BRDA:5,5,1,9
BRDA:5,6,0,0
BRDA:5,6,1,1
BRDA:5,7,0,0
BRDA:5,7,1,1
BRDA:5,8,0,0
BRDA:5,8,1,2
BRDA:5,9,0,1
BRDA:5,9,1,1
BRDA:5,10,0,2
BRDA:5,10,1,1
BRDA:5,10,2,0
BRDA:5,11,0,0
BRDA:5,11,1,3
BRDA:5,12,0,3
BRDA:5,12,1,0
BRDA:5,13,0,3
BRDA:5,13,1,3
BRDA:5,14,0,3
BRDA:5,14,1,0
BRDA:5,15,0,3
BRDA:5,15,1,0
BRDA:7,16,0,1
BRDA:7,16,1,0
BRDA:38,17,0,1
BRDA:38,17,1,0
BRF:37
BRH:24
end_of_record
TN:
SF:C:\Users\Igor_Tsialiuk\Desktop\React\booking\src\client\pages\HomePage\components\HotelItem.js
FN:7,HotelItem
FNF:1
FNH:1
FNDA:1,HotelItem
DA:1,4
DA:10,1
DA:21,4
LF:3
LH:3
BRF:0
BRH:0
end_of_record
TN:
SF:C:\Users\Igor_Tsialiuk\Desktop\React\booking\src\client\pages\HomePage\components\ListHotels.js
FN:1,(anonymous_0)
FN:4,_interopRequireDefault
FN:6,ListHotels
FN:13,(anonymous_3)
FNF:4
FNH:3
FNDA:0,(anonymous_0)
FNDA:9,_interopRequireDefault
FNDA:1,ListHotels
FNDA:1,(anonymous_3)
DA:1,3
DA:4,9
DA:9,1
DA:22,3
LF:4
LH:4
BRDA:1,0,0,3
BRDA:1,0,1,0
BRDA:1,1,0,0
BRDA:1,1,1,0
BRDA:4,2,0,3
BRDA:4,2,1,6
BRDA:4,3,0,9
BRDA:4,3,1,9
BRF:8
BRH:5
end_of_record
TN:
SF:C:\Users\Igor_Tsialiuk\Desktop\React\booking\src\client\pages\HotelPage\HotelPage.js
FN:1,(anonymous_0)
FN:1,defineProperties
FN:1,(anonymous_2)
FN:7,_classCallCheck
FN:7,_possibleConstructorReturn
FN:7,_inherits
FN:9,(anonymous_6)
FN:9,HotelPage
FN:9,componentWillMount
FN:14,render
FN:46,(anonymous_10)
FN:48,mapStateToProps
FN:53,mapActionToProps
FNF:13
FNH:10
FNDA:2,(anonymous_0)
FNDA:2,defineProperties
FNDA:2,(anonymous_2)
FNDA:1,_classCallCheck
FNDA:1,_possibleConstructorReturn
FNDA:2,_inherits
FNDA:2,(anonymous_6)
FNDA:1,HotelPage
FNDA:1,componentWillMount
FNDA:1,render
FNDA:0,(anonymous_10)
FNDA:0,mapStateToProps
FNDA:0,mapActionToProps
DA:1,4
DA:7,2
DA:9,2
DA:13,1
DA:22,1
DA:33,2
DA:36,2
DA:46,2
DA:48,2
DA:53,2
LF:10
LH:10
BRDA:1,0,0,4
BRDA:1,0,1,4
BRDA:1,1,0,4
BRDA:1,1,1,0
BRDA:1,2,0,2
BRDA:1,2,1,0
BRDA:1,3,0,0
BRDA:1,3,1,2
BRDA:7,4,0,0
BRDA:7,4,1,1
BRDA:7,5,0,0
BRDA:7,5,1,1
BRDA:7,6,0,0
BRDA:7,6,1,1
BRDA:7,7,0,1
BRDA:7,7,1,0
BRDA:7,7,2,0
BRDA:7,8,0,0
BRDA:7,8,1,2
BRDA:7,9,0,2
BRDA:7,9,1,0
BRDA:7,10,0,2
BRDA:7,10,1,2
BRDA:7,11,0,2
BRDA:7,11,1,0
BRDA:7,12,0,2
BRDA:7,12,1,0
BRDA:9,13,0,1
BRDA:9,13,1,0
BRF:29
BRH:16
end_of_record
TN:
SF:C:\Users\Igor_Tsialiuk\Desktop\React\booking\src\client\pages\HotelPage\index.js
FN:1,_interopRequireDefault
FNF:1
FNH:1
FNDA:1,_interopRequireDefault
DA:1,1
LF:1
LH:1
BRDA:1,0,0,1
BRDA:1,0,1,0
BRDA:1,1,0,1
BRDA:1,1,1,1
BRF:4
BRH:3
end_of_record
TN:
SF:C:\Users\Igor_Tsialiuk\Desktop\React\booking\src\client\pages\HotelPage\styles.css
FNF:0
FNH:0
LF:0
LH:0
BRF:0
BRH:0
end_of_record
TN:
SF:C:\Users\Igor_Tsialiuk\Desktop\React\booking\src\client\pages\NotFoundPage\NotFoundPage.js
FN:1,_interopRequireDefault
FN:3,NotFoundPage
FNF:2
FNH:2
FNDA:2,_interopRequireDefault
FNDA:1,NotFoundPage
DA:1,2
DA:4,1
LF:2
LH:2
BRDA:1,0,0,0
BRDA:1,0,1,2
BRDA:1,1,0,2
BRDA:1,1,1,2
BRF:4
BRH:3
end_of_record
TN:
SF:C:\Users\Igor_Tsialiuk\Desktop\React\booking\src\client\pages\NotFoundPage\index.js
FN:1,_interopRequireDefault
FNF:1
FNH:1
FNDA:1,_interopRequireDefault
DA:1,1
LF:1
LH:1
BRDA:1,0,0,1
BRDA:1,0,1,0
BRDA:1,1,0,1
BRDA:1,1,1,1
BRF:4
BRH:3
end_of_record
TN:
SF:C:\Users\Igor_Tsialiuk\Desktop\React\booking\src\client\reducers\commonReducer.js
FN:1,(anonymous_0)
FN:7,commonReducer
FNF:2
FNH:1
FNDA:0,(anonymous_0)
FNDA:2,commonReducer
DA:1,1
DA:3,1
DA:7,1
DA:8,2
DA:12,1
DA:15,1
LF:6
LH:6
BRDA:1,0,0,1
BRDA:1,0,1,0
BRDA:1,1,0,0
BRDA:1,1,1,0
BRDA:8,2,0,1
BRDA:8,2,1,1
BRF:6
BRH:3
end_of_record
TN:
SF:C:\Users\Igor_Tsialiuk\Desktop\React\booking\src\client\reducers\hotelsReducer.js
FN:1,(anonymous_0)
FN:2,_interopRequireDefault
FN:13,hotelsReducer
FNF:3
FNH:2
FNDA:0,(anonymous_0)
FNDA:1,_interopRequireDefault
FNDA:4,hotelsReducer
DA:1,1
DA:2,1
DA:4,1
DA:13,1
DA:14,4
DA:18,1
DA:23,1
DA:35,1
DA:40,1
LF:9
LH:9
BRDA:1,0,0,1
BRDA:1,0,1,0
BRDA:1,1,0,0
BRDA:1,1,1,0
BRDA:2,2,0,1
BRDA:2,2,1,0
BRDA:2,3,0,1
BRDA:2,3,1,1
BRDA:14,4,0,1
BRDA:14,4,1,1
BRDA:14,4,2,1
BRDA:14,4,3,1
BRF:12
BRH:8
end_of_record
TN:
SF:C:\Users\Igor_Tsialiuk\Desktop\React\booking\src\client\utils\helperFunctions.js
FN:1,checkStatusError
FN:8,checkType
FN:12,changeFormatDate
FNF:3
FNH:3
FNDA:2,checkStatusError
FNDA:6,checkType
FNDA:12,changeFormatDate
DA:1,7
DA:2,2
DA:3,1
DA:5,1
DA:9,6
DA:13,12
DA:14,12
DA:15,12
DA:17,12
DA:18,2
DA:20,12
DA:21,10
DA:23,12
LF:13
LH:13
BRDA:2,0,0,1
BRDA:2,0,1,1
BRDA:17,1,0,2
BRDA:17,1,1,10
BRDA:20,2,0,10
BRDA:20,2,1,2
BRF:6
BRH:6
end_of_record
TN:
SF:C:\Users\Igor_Tsialiuk\Desktop\React\booking\src\client\utils\index.js
FNF:0
FNH:0
DA:1,6
LF:1
LH:1
BRF:0
BRH:0
end_of_record
