TN:
SF:C:\Users\Igor_Tsialiuk\Desktop\React\booking\enzyme.config.js
FN:2,_interopRequireDefault
FNF:1
FNH:1
FNDA:34,_interopRequireDefault
DA:2,34
LF:1
LH:1
BRDA:2,0,0,0
BRDA:2,0,1,34
BRDA:2,1,0,34
BRDA:2,1,1,34
BRF:4
BRH:3
end_of_record
TN:
SF:C:\Users\Igor_Tsialiuk\Desktop\React\booking\src\client\actions\commonActions.js
FN:3,setBusyIndicator
FNF:1
FNH:1
FNDA:5,setBusyIndicator
DA:1,6
DA:4,5
LF:2
LH:2
BRF:0
BRH:0
end_of_record
TN:
SF:C:\Users\Igor_Tsialiuk\Desktop\React\booking\src\client\actions\hotelsActions.js
FN:3,_interopRequireDefault
FN:6,getListHotels
FN:7,(anonymous_2)
FN:14,(anonymous_3)
FN:15,(anonymous_4)
FN:16,(anonymous_5)
FN:25,(anonymous_6)
FN:29,receivedListHotels
FN:34,getHotelInformation
FN:35,(anonymous_9)
FN:41,(anonymous_10)
FN:42,(anonymous_11)
FN:46,(anonymous_12)
FN:50,receivedHotelInformation
FN:55,changeFilterNames
FNF:15
FNH:8
FNDA:5,_interopRequireDefault
FNDA:1,getListHotels
FNDA:1,(anonymous_2)
FNDA:0,(anonymous_3)
FNDA:0,(anonymous_4)
FNDA:0,(anonymous_5)
FNDA:0,(anonymous_6)
FNDA:1,receivedListHotels
FNDA:1,getHotelInformation
FNDA:1,(anonymous_9)
FNDA:0,(anonymous_10)
FNDA:0,(anonymous_11)
FNDA:0,(anonymous_12)
FNDA:1,receivedHotelInformation
FNDA:3,changeFilterNames
DA:1,5
DA:3,5
DA:7,1
DA:8,1
DA:10,1
DA:11,1
DA:12,1
DA:16,0
DA:19,0
DA:22,0
DA:23,0
DA:30,1
DA:35,1
DA:36,1
DA:38,1
DA:39,1
DA:43,0
DA:44,0
DA:51,1
DA:56,3
LF:20
LH:14
BRDA:3,0,0,5
BRDA:3,0,1,0
BRDA:3,1,0,5
BRDA:3,1,1,5
BRF:4
BRH:3
end_of_record
TN:
SF:C:\Users\Igor_Tsialiuk\Desktop\React\booking\src\client\actions\index.js
FNF:0
FNH:0
DA:1,4
DA:2,4
LF:2
LH:2
BRF:0
BRH:0
end_of_record
TN:
SF:C:\Users\Igor_Tsialiuk\Desktop\React\booking\src\client\components\index.js
FN:4,_interopRequireDefault
FNF:1
FNH:1
FNDA:16,_interopRequireDefault
DA:1,4
DA:4,16
DA:6,4
LF:3
LH:3
BRDA:4,0,0,16
BRDA:4,0,1,0
BRDA:4,1,0,16
BRDA:4,1,1,16
BRF:4
BRH:3
end_of_record
TN:
SF:C:\Users\Igor_Tsialiuk\Desktop\React\booking\src\client\components\BusyIndicator\BusyIndicator.js
FN:6,BusyIndicator
FNF:1
FNH:1
FNDA:2,BusyIndicator
DA:1,5
DA:7,2
DA:9,2
DA:14,5
LF:4
LH:4
BRDA:7,0,0,1
BRDA:7,0,1,1
BRF:2
BRH:2
end_of_record
TN:
SF:C:\Users\Igor_Tsialiuk\Desktop\React\booking\src\client\components\BusyIndicator\index.js
FN:1,_interopRequireDefault
FNF:1
FNH:1
FNDA:4,_interopRequireDefault
DA:1,4
LF:1
LH:1
BRDA:1,0,0,4
BRDA:1,0,1,0
BRDA:1,1,0,4
BRDA:1,1,1,4
BRF:4
BRH:3
end_of_record
TN:
SF:C:\Users\Igor_Tsialiuk\Desktop\React\booking\src\client\components\BusyIndicator\styles.css
FNF:0
FNH:0
LF:0
LH:0
BRF:0
BRH:0
end_of_record
TN:
SF:C:\Users\Igor_Tsialiuk\Desktop\React\booking\src\client\components\Field\Field.js
FN:2,_interopRequireDefault
FN:4,Field
FNF:2
FNH:2
FNDA:10,_interopRequireDefault
FNDA:1,Field
DA:1,5
DA:2,10
DA:5,1
DA:10,5
LF:4
LH:4
BRDA:2,0,0,0
BRDA:2,0,1,10
BRDA:2,1,0,10
BRDA:2,1,1,10
BRF:4
BRH:3
end_of_record
TN:
SF:C:\Users\Igor_Tsialiuk\Desktop\React\booking\src\client\components\Field\index.js
FN:1,_interopRequireDefault
FNF:1
FNH:1
FNDA:4,_interopRequireDefault
DA:1,4
LF:1
LH:1
BRDA:1,0,0,4
BRDA:1,0,1,0
BRDA:1,1,0,4
BRDA:1,1,1,4
BRF:4
BRH:3
end_of_record
TN:
SF:C:\Users\Igor_Tsialiuk\Desktop\React\booking\src\client\components\Footer\Footer.js
FN:5,Footer
FNF:1
FNH:1
FNDA:1,Footer
DA:1,5
DA:6,1
LF:2
LH:2
BRF:0
BRH:0
end_of_record
TN:
SF:C:\Users\Igor_Tsialiuk\Desktop\React\booking\src\client\components\Footer\index.js
FN:1,_interopRequireDefault
FNF:1
FNH:1
FNDA:4,_interopRequireDefault
DA:1,4
LF:1
LH:1
BRDA:1,0,0,4
BRDA:1,0,1,0
BRDA:1,1,0,4
BRDA:1,1,1,4
BRF:4
BRH:3
end_of_record
TN:
SF:C:\Users\Igor_Tsialiuk\Desktop\React\booking\src\client\components\Footer\styles.css
FNF:0
FNH:0
LF:0
LH:0
BRF:0
BRH:0
end_of_record
TN:
SF:C:\Users\Igor_Tsialiuk\Desktop\React\booking\src\client\components\Header\Header.js
FN:6,Header
FNF:1
FNH:1
FNDA:1,Header
DA:1,5
DA:7,1
LF:2
LH:2
BRF:0
BRH:0
end_of_record
TN:
SF:C:\Users\Igor_Tsialiuk\Desktop\React\booking\src\client\components\Header\index.js
FN:1,_interopRequireDefault
FNF:1
FNH:1
FNDA:4,_interopRequireDefault
DA:1,4
LF:1
LH:1
BRDA:1,0,0,4
BRDA:1,0,1,0
BRDA:1,1,0,4
BRDA:1,1,1,4
BRF:4
BRH:3
end_of_record
TN:
SF:C:\Users\Igor_Tsialiuk\Desktop\React\booking\src\client\components\Header\styles.css
FNF:0
FNH:0
LF:0
LH:0
BRF:0
BRH:0
end_of_record
TN:
SF:C:\Users\Igor_Tsialiuk\Desktop\React\booking\src\client\constants\commonConstants.js
FNF:0
FNH:0
DA:1,7
LF:1
LH:1
BRF:0
BRH:0
end_of_record
TN:
SF:C:\Users\Igor_Tsialiuk\Desktop\React\booking\src\client\constants\hotelsConstants.js
FNF:0
FNH:0
DA:1,7
DA:2,7
DA:3,7
DA:4,7
LF:4
LH:4
BRF:0
BRH:0
end_of_record
TN:
SF:C:\Users\Igor_Tsialiuk\Desktop\React\booking\src\client\constants\index.js
FNF:0
FNH:0
DA:1,7
DA:2,7
LF:2
LH:2
BRF:0
BRH:0
end_of_record
TN:
SF:C:\Users\Igor_Tsialiuk\Desktop\React\booking\src\client\navigations\RootNavigation\RootNavigation.js
FN:1,(anonymous_0)
FN:1,defineProperties
FN:1,(anonymous_2)
FN:5,_interopRequireDefault
FN:5,_classCallCheck
FN:5,_possibleConstructorReturn
FN:5,_inherits
FN:7,(anonymous_7)
FN:7,RootNavigation
FN:7,render
FNF:10
FNH:10
FNDA:1,(anonymous_0)
FNDA:1,defineProperties
FNDA:1,(anonymous_2)
FNDA:2,_interopRequireDefault
FNDA:1,_classCallCheck
FNDA:1,_possibleConstructorReturn
FNDA:1,_inherits
FNDA:1,(anonymous_7)
FNDA:1,RootNavigation
FNDA:1,render
DA:1,1
DA:5,2
DA:7,1
DA:9,1
DA:16,1
LF:5
LH:5
BRDA:1,0,0,1
BRDA:1,0,1,1
BRDA:1,1,0,1
BRDA:1,1,1,0
BRDA:1,2,0,1
BRDA:1,2,1,0
BRDA:1,3,0,0
BRDA:1,3,1,1
BRDA:5,4,0,1
BRDA:5,4,1,1
BRDA:5,5,0,2
BRDA:5,5,1,2
BRDA:5,6,0,0
BRDA:5,6,1,1
BRDA:5,7,0,0
BRDA:5,7,1,1
BRDA:5,8,0,0
BRDA:5,8,1,1
BRDA:5,9,0,1
BRDA:5,9,1,0
BRDA:5,9,2,0
BRDA:5,10,0,0
BRDA:5,10,1,1
BRDA:5,11,0,1
BRDA:5,11,1,0
BRDA:5,12,0,1
BRDA:5,12,1,1
BRDA:5,13,0,1
BRDA:5,13,1,0
BRDA:5,14,0,1
BRDA:5,14,1,0
BRDA:7,15,0,1
BRDA:7,15,1,0
BRF:33
BRH:20
end_of_record
TN:
SF:C:\Users\Igor_Tsialiuk\Desktop\React\booking\src\client\navigations\RootNavigation\routes.js
FNF:0
FNH:0
DA:1,1
DA:3,1
LF:2
LH:2
BRF:0
BRH:0
end_of_record
TN:
SF:C:\Users\Igor_Tsialiuk\Desktop\React\booking\src\client\pages\index.js
FN:4,_interopRequireDefault
FNF:1
FNH:1
FNDA:4,_interopRequireDefault
DA:1,1
DA:4,4
DA:6,1
LF:3
LH:3
BRDA:4,0,0,4
BRDA:4,0,1,0
BRDA:4,1,0,4
BRDA:4,1,1,4
BRF:4
BRH:3
end_of_record
TN:
SF:C:\Users\Igor_Tsialiuk\Desktop\React\booking\src\client\pages\AboutPage\AboutPage.js
FN:1,_interopRequireDefault
FN:5,AboutPage
FNF:2
FNH:2
FNDA:2,_interopRequireDefault
FNDA:1,AboutPage
DA:1,2
DA:6,1
LF:2
LH:2
BRDA:1,0,0,0
BRDA:1,0,1,2
BRDA:1,1,0,2
BRDA:1,1,1,2
BRF:4
BRH:3
end_of_record
TN:
SF:C:\Users\Igor_Tsialiuk\Desktop\React\booking\src\client\pages\AboutPage\index.js
FN:1,_interopRequireDefault
FNF:1
FNH:1
FNDA:1,_interopRequireDefault
DA:1,1
LF:1
LH:1
BRDA:1,0,0,1
BRDA:1,0,1,0
BRDA:1,1,0,1
BRDA:1,1,1,1
BRF:4
BRH:3
end_of_record
TN:
SF:C:\Users\Igor_Tsialiuk\Desktop\React\booking\src\client\pages\HomePage\HomePage.js
FN:11,HomePage
FN:39,mapStateToProps
FN:48,mapActionToProps
FNF:3
FNH:1
FNDA:1,HomePage
FNDA:0,mapStateToProps
FNDA:0,mapActionToProps
DA:1,2
DA:14,1
DA:29,2
DA:39,2
DA:48,2
LF:5
LH:5
BRF:0
BRH:0
end_of_record
TN:
SF:C:\Users\Igor_Tsialiuk\Desktop\React\booking\src\client\pages\HomePage\index.js
FN:1,_interopRequireDefault
FNF:1
FNH:1
FNDA:1,_interopRequireDefault
DA:1,1
LF:1
LH:1
BRDA:1,0,0,1
BRDA:1,0,1,0
BRDA:1,1,0,1
BRDA:1,1,1,1
BRF:4
BRH:3
end_of_record
TN:
SF:C:\Users\Igor_Tsialiuk\Desktop\React\booking\src\client\pages\HomePage\styles.css
FNF:0
FNH:0
LF:0
LH:0
BRF:0
BRH:0
end_of_record
TN:
SF:C:\Users\Igor_Tsialiuk\Desktop\React\booking\src\client\pages\HomePage\components\FilterPanel.js
FN:1,(anonymous_0)
FN:1,defineProperties
FN:1,(anonymous_2)
FN:5,_interopRequireDefault
FN:5,_defineProperty
FN:5,_classCallCheck
FN:5,_possibleConstructorReturn
FN:5,_inherits
FN:7,(anonymous_8)
FN:7,FilterPanel
FN:21,(anonymous_10)
FN:28,(anonymous_11)
FN:36,componentWillMount
FN:36,render
FNF:14
FNH:14
FNDA:3,(anonymous_0)
FNDA:3,defineProperties
FNDA:3,(anonymous_2)
FNDA:9,_interopRequireDefault
FNDA:1,_defineProperty
FNDA:1,_classCallCheck
FNDA:2,_possibleConstructorReturn
FNDA:3,_inherits
FNDA:3,(anonymous_8)
FNDA:1,FilterPanel
FNDA:1,(anonymous_10)
FNDA:1,(anonymous_11)
FNDA:1,componentWillMount
FNDA:3,render
DA:1,6
DA:5,9
DA:7,3
DA:22,1
DA:26,1
DA:30,1
DA:32,1
DA:33,1
DA:36,3
DA:40,3
DA:76,3
DA:79,3
LF:12
LH:12
BRDA:1,0,0,6
BRDA:1,0,1,6
BRDA:1,1,0,6
BRDA:1,1,1,0
BRDA:1,2,0,3
BRDA:1,2,1,0
BRDA:1,3,0,0
BRDA:1,3,1,3
BRDA:5,4,0,3
BRDA:5,4,1,6
BRDA:5,5,0,9
BRDA:5,5,1,9
BRDA:5,6,0,0
BRDA:5,6,1,1
BRDA:5,7,0,0
BRDA:5,7,1,1
BRDA:5,8,0,0
BRDA:5,8,1,2
BRDA:5,9,0,1
BRDA:5,9,1,1
BRDA:5,10,0,2
BRDA:5,10,1,1
BRDA:5,10,2,0
BRDA:5,11,0,0
BRDA:5,11,1,3
BRDA:5,12,0,3
BRDA:5,12,1,0
BRDA:5,13,0,3
BRDA:5,13,1,3
BRDA:5,14,0,3
BRDA:5,14,1,0
BRDA:5,15,0,3
BRDA:5,15,1,0
BRDA:7,16,0,1
BRDA:7,16,1,0
BRDA:32,17,0,1
BRDA:32,17,1,0
BRF:37
BRH:24
end_of_record
TN:
SF:C:\Users\Igor_Tsialiuk\Desktop\React\booking\src\client\pages\HomePage\components\HotelItem.js
FN:5,HotelItem
FNF:1
FNH:1
FNDA:1,HotelItem
DA:1,4
DA:8,1
DA:18,4
LF:3
LH:3
BRF:0
BRH:0
end_of_record
TN:
SF:C:\Users\Igor_Tsialiuk\Desktop\React\booking\src\client\pages\HomePage\components\ListHotels.js
FN:1,(anonymous_0)
FN:5,_interopRequireDefault
FN:7,ListHotels
FN:14,(anonymous_3)
FNF:4
FNH:3
FNDA:0,(anonymous_0)
FNDA:9,_interopRequireDefault
FNDA:1,ListHotels
FNDA:1,(anonymous_3)
DA:1,3
DA:5,9
DA:10,1
DA:23,3
LF:4
LH:4
BRDA:1,0,0,3
BRDA:1,0,1,0
BRDA:1,1,0,0
BRDA:1,1,1,0
BRDA:5,2,0,3
BRDA:5,2,1,6
BRDA:5,3,0,9
BRDA:5,3,1,9
BRF:8
BRH:5
end_of_record
TN:
SF:C:\Users\Igor_Tsialiuk\Desktop\React\booking\src\client\pages\HotelPage\HotelPage.js
FN:1,(anonymous_0)
FN:1,defineProperties
FN:1,(anonymous_2)
FN:6,_classCallCheck
FN:6,_possibleConstructorReturn
FN:6,_inherits
FN:8,(anonymous_6)
FN:8,HotelPage
FN:8,componentWillMount
FN:13,render
FN:33,(anonymous_10)
FN:37,mapStateToProps
FN:42,mapActionToProps
FNF:13
FNH:10
FNDA:2,(anonymous_0)
FNDA:2,defineProperties
FNDA:2,(anonymous_2)
FNDA:1,_classCallCheck
FNDA:1,_possibleConstructorReturn
FNDA:2,_inherits
FNDA:2,(anonymous_6)
FNDA:1,HotelPage
FNDA:1,componentWillMount
FNDA:1,render
FNDA:0,(anonymous_10)
FNDA:0,mapStateToProps
FNDA:0,mapActionToProps
DA:1,4
DA:6,2
DA:8,2
DA:12,1
DA:17,1
DA:23,2
DA:26,2
DA:33,2
DA:34,0
DA:37,2
DA:42,2
LF:11
LH:10
BRDA:1,0,0,4
BRDA:1,0,1,4
BRDA:1,1,0,4
BRDA:1,1,1,0
BRDA:1,2,0,2
BRDA:1,2,1,0
BRDA:1,3,0,0
BRDA:1,3,1,2
BRDA:6,4,0,0
BRDA:6,4,1,1
BRDA:6,5,0,0
BRDA:6,5,1,1
BRDA:6,6,0,0
BRDA:6,6,1,1
BRDA:6,7,0,1
BRDA:6,7,1,0
BRDA:6,7,2,0
BRDA:6,8,0,0
BRDA:6,8,1,2
BRDA:6,9,0,2
BRDA:6,9,1,0
BRDA:6,10,0,2
BRDA:6,10,1,2
BRDA:6,11,0,2
BRDA:6,11,1,0
BRDA:6,12,0,2
BRDA:6,12,1,0
BRDA:8,13,0,1
BRDA:8,13,1,0
BRF:29
BRH:16
end_of_record
TN:
SF:C:\Users\Igor_Tsialiuk\Desktop\React\booking\src\client\pages\HotelPage\index.js
FN:1,_interopRequireDefault
FNF:1
FNH:1
FNDA:1,_interopRequireDefault
DA:1,1
LF:1
LH:1
BRDA:1,0,0,1
BRDA:1,0,1,0
BRDA:1,1,0,1
BRDA:1,1,1,1
BRF:4
BRH:3
end_of_record
TN:
SF:C:\Users\Igor_Tsialiuk\Desktop\React\booking\src\client\pages\NotFoundPage\NotFoundPage.js
FN:1,_interopRequireDefault
FN:3,NotFoundPage
FNF:2
FNH:2
FNDA:2,_interopRequireDefault
FNDA:1,NotFoundPage
DA:1,2
DA:4,1
LF:2
LH:2
BRDA:1,0,0,0
BRDA:1,0,1,2
BRDA:1,1,0,2
BRDA:1,1,1,2
BRF:4
BRH:3
end_of_record
TN:
SF:C:\Users\Igor_Tsialiuk\Desktop\React\booking\src\client\pages\NotFoundPage\index.js
FN:1,_interopRequireDefault
FNF:1
FNH:1
FNDA:1,_interopRequireDefault
DA:1,1
LF:1
LH:1
BRDA:1,0,0,1
BRDA:1,0,1,0
BRDA:1,1,0,1
BRDA:1,1,1,1
BRF:4
BRH:3
end_of_record
TN:
SF:C:\Users\Igor_Tsialiuk\Desktop\React\booking\src\client\reducers\commonReducer.js
FN:1,(anonymous_0)
FN:7,commonReducer
FNF:2
FNH:1
FNDA:0,(anonymous_0)
FNDA:2,commonReducer
DA:1,1
DA:3,1
DA:7,1
DA:8,2
DA:12,1
DA:15,1
LF:6
LH:6
BRDA:1,0,0,1
BRDA:1,0,1,0
BRDA:1,1,0,0
BRDA:1,1,1,0
BRDA:8,2,0,1
BRDA:8,2,1,1
BRF:6
BRH:3
end_of_record
TN:
SF:C:\Users\Igor_Tsialiuk\Desktop\React\booking\src\client\reducers\hotelsReducer.js
FN:1,(anonymous_0)
FN:3,_interopRequireDefault
FN:14,hotelsReducer
FNF:3
FNH:2
FNDA:0,(anonymous_0)
FNDA:1,_interopRequireDefault
FNDA:4,hotelsReducer
DA:1,1
DA:3,1
DA:5,1
DA:14,1
DA:15,4
DA:19,1
DA:24,1
DA:29,1
DA:32,1
LF:9
LH:9
BRDA:1,0,0,1
BRDA:1,0,1,0
BRDA:1,1,0,0
BRDA:1,1,1,0
BRDA:3,2,0,1
BRDA:3,2,1,0
BRDA:3,3,0,1
BRDA:3,3,1,1
BRDA:15,4,0,1
BRDA:15,4,1,1
BRDA:15,4,2,1
BRDA:15,4,3,1
BRF:12
BRH:8
end_of_record
TN:
SF:C:\Users\Igor_Tsialiuk\Desktop\React\booking\src\client\utils\helperFunctions.js
FN:1,checkStatusError
FN:8,checkType
FN:12,changeFormatDate
FNF:3
FNH:3
FNDA:2,checkStatusError
FNDA:6,checkType
FNDA:12,changeFormatDate
DA:1,7
DA:2,2
DA:3,1
DA:5,1
DA:9,6
DA:13,12
DA:14,12
DA:15,12
DA:17,12
DA:18,10
DA:20,12
DA:21,10
DA:23,12
LF:13
LH:13
BRDA:2,0,0,1
BRDA:2,0,1,1
BRDA:17,1,0,10
BRDA:17,1,1,2
BRDA:20,2,0,10
BRDA:20,2,1,2
BRF:6
BRH:6
end_of_record
TN:
SF:C:\Users\Igor_Tsialiuk\Desktop\React\booking\src\client\utils\index.js
FNF:0
FNH:0
DA:1,6
LF:1
LH:1
BRF:0
BRH:0
end_of_record
